9/07/2017 15:49:24 PM - Save Script: Version 12.5.0.3.1012 User oats
9/07/2017 15:50:03 PM - Save Script: Version 12.5.0.3.1012 User oats
9/07/2017 15:50:20 PM - Launch Browser: IE version 8.0.7601.17514
9/07/2017 16:01:08 PM - Save Script: Version 12.5.0.3.1012 User oats
9/07/2017 16:03:07 PM - Save Script: Version 12.5.0.3.1012 User oats
9/07/2017 16:04:58 PM - Save Script: Version 12.5.0.3.1012 User oats
9/07/2017 16:06:52 PM - Save Script: Version 12.5.0.3.1012 User oats
9/07/2017 16:17:45 PM - Save Script: Version 12.5.0.3.1012 User oats
9/07/2017 16:24:15 PM - Save Script: Version 12.5.0.3.1012 User oats
9/07/2017 16:24:34 PM - Save Script: Version 12.5.0.3.1012 User oats
9/07/2017 16:35:06 PM - Save Script: Version 12.5.0.3.1012 User oats
9/07/2017 16:35:54 PM - Save Script: Version 12.5.0.3.1012 User oats
9/07/2017 16:36:29 PM - Save Script: Version 12.5.0.3.1012 User oats
9/07/2017 16:36:54 PM - Save Script: Version 12.5.0.3.1012 User oats
9/07/2017 17:12:33 PM - Save Script: Version 12.5.0.3.1012 User oats
9/07/2017 17:16:44 PM - Save Script: Version 12.5.0.3.1012 User oats
9/07/2017 17:19:23 PM - Save Script: Version 12.5.0.3.1012 User oats
9/07/2017 17:21:32 PM - Save Script: Version 12.5.0.3.1012 User oats
9/07/2017 17:22:37 PM - Save Script: Version 12.5.0.3.1012 User oats
9/07/2017 17:23:30 PM - Save Script: Version 12.5.0.3.1012 User oats
9/07/2017 17:24:47 PM - Save Script: Version 12.5.0.3.1012 User oats
9/07/2017 17:25:59 PM - Save Script: Version 12.5.0.3.1012 User oats
9/07/2017 17:26:09 PM - Save Script: Version 12.5.0.3.1012 User oats
9/07/2017 17:26:49 PM - Save Script: Version 12.5.0.3.1012 User oats
9/07/2017 17:27:17 PM - Save Script: Version 12.5.0.3.1012 User oats
9/07/2017 17:28:06 PM - Save Script: Version 12.5.0.3.1012 User oats
9/07/2017 17:28:24 PM - Save Script: Version 12.5.0.3.1012 User oats
9/07/2017 17:29:13 PM - Save Script: Version 12.5.0.3.1012 User oats
9/07/2017 17:30:07 PM - Save Script: Version 12.5.0.3.1012 User oats
9/07/2017 17:43:09 PM - Upgrade Script Results: Successfully upgraded script results.
9/07/2017 17:45:17 PM - Save Script: Version 12.5.0.3.1012 User oats
9/08/2017 09:25:02 AM - Upgrade Script Results: Successfully upgraded script results.
9/08/2017 09:37:50 AM - Upgrade Script Results: Successfully upgraded script results.
9/08/2017 09:49:52 AM - Launch Browser: IE version 8.0.7601.17514
9/08/2017 10:26:16 AM - Save Script: Version 12.5.0.3.1012 User oats
9/08/2017 10:30:01 AM - Launch Browser: IE version 8.0.7601.17514
9/08/2017 10:32:43 AM - Save Script: Version 12.5.0.3.1012 User oats
9/08/2017 10:33:10 AM - Save Script: Version 12.5.0.3.1012 User oats
9/08/2017 10:46:40 AM - Save Script: Version 12.5.0.3.1012 User oats
9/08/2017 10:48:30 AM - Save Script: Version 12.5.0.3.1012 User oats
9/08/2017 10:48:56 AM - Save Script: Version 12.5.0.3.1012 User oats
9/08/2017 10:49:15 AM - Save Script: Version 12.5.0.3.1012 User oats
9/08/2017 10:52:36 AM - Save Script: Version 12.5.0.3.1012 User oats
9/08/2017 10:52:59 AM - Save Script: Version 12.5.0.3.1012 User oats
9/08/2017 10:58:10 AM - Save Script: Version 12.5.0.3.1012 User oats
9/08/2017 11:08:50 AM - Save Script: Version 12.5.0.3.1012 User oats
9/08/2017 11:12:38 AM - Save Script: Version 12.5.0.3.1012 User oats
9/08/2017 11:26:10 AM - Save Script: Version 12.5.0.3.1012 User oats
9/08/2017 11:26:44 AM - Save Script: Version 12.5.0.3.1012 User oats
9/08/2017 11:30:12 AM - Upgrade Script Results: Successfully upgraded script results.
9/08/2017 13:38:15 PM - Save Script: Version 12.5.0.3.1012 User oats
9/08/2017 13:40:36 PM - Save Script: Version 12.5.0.3.1012 User oats
9/08/2017 13:41:28 PM - Save Script: Version 12.5.0.3.1012 User oats
9/08/2017 13:48:14 PM - Save Script: Version 12.5.0.3.1012 User oats
9/08/2017 13:49:46 PM - Save Script: Version 12.5.0.3.1012 User oats
9/08/2017 13:51:00 PM - Save Script: Version 12.5.0.3.1012 User oats
9/08/2017 13:51:31 PM - Launch Browser: IE version 8.0.7601.17514
9/08/2017 13:51:55 PM - Save Script: Version 12.5.0.3.1012 User oats
9/08/2017 13:52:44 PM - Save Script: Version 12.5.0.3.1012 User oats
9/08/2017 14:04:27 PM - Save Script: Version 12.5.0.3.1012 User oats
9/08/2017 14:06:37 PM - Save Script: Version 12.5.0.3.1012 User oats
9/08/2017 14:07:15 PM - Save Script: Version 12.5.0.3.1012 User oats
9/08/2017 14:14:38 PM - Save Script: Version 12.5.0.3.1012 User oats
9/08/2017 14:15:04 PM - Save Script: Version 12.5.0.3.1012 User oats
9/08/2017 14:27:45 PM - Save Script: Version 12.5.0.3.1012 User oats
9/08/2017 14:32:47 PM - Save Script: Version 12.5.0.3.1012 User oats
9/08/2017 14:34:03 PM - Save Script: Version 12.5.0.3.1012 User oats
9/08/2017 14:35:07 PM - Save Script: Version 12.5.0.3.1012 User oats
9/08/2017 14:36:06 PM - Save Script: Version 12.5.0.3.1012 User oats
9/08/2017 14:37:53 PM - Save Script: Version 12.5.0.3.1012 User oats
9/08/2017 14:44:03 PM - Save Script: Version 12.5.0.3.1012 User oats
9/08/2017 14:45:29 PM - Save Script: Version 12.5.0.3.1012 User oats
9/08/2017 14:46:08 PM - Save Script: Version 12.5.0.3.1012 User oats
9/08/2017 14:47:41 PM - Save Script: Version 12.5.0.3.1012 User oats
9/08/2017 14:48:48 PM - Save Script: Version 12.5.0.3.1012 User oats
9/08/2017 14:48:59 PM - Save Script: Version 12.5.0.3.1012 User oats
9/08/2017 14:50:36 PM - Save Script: Version 12.5.0.3.1012 User oats
9/08/2017 14:51:37 PM - Save Script: Version 12.5.0.3.1012 User oats
9/08/2017 14:55:05 PM - Save Script: Version 12.5.0.3.1012 User oats
9/08/2017 14:55:32 PM - Save Script: Version 12.5.0.3.1012 User oats
9/08/2017 15:07:28 PM - Save Script: Version 12.5.0.3.1012 User oats
9/08/2017 15:18:08 PM - Save Script: Version 12.5.0.3.1012 User oats
9/08/2017 15:26:05 PM - Save Script: Version 12.5.0.3.1012 User oats
9/08/2017 15:27:49 PM - Launch Browser: IE version 8.0.7601.17514
9/08/2017 15:30:18 PM - Save Script: Version 12.5.0.3.1012 User oats
9/08/2017 15:31:23 PM - Save Script: Version 12.5.0.3.1012 User oats
9/08/2017 15:32:23 PM - Save Script: Version 12.5.0.3.1012 User oats
9/08/2017 15:34:21 PM - Save Script: Version 12.5.0.3.1012 User oats
9/08/2017 15:38:51 PM - Save Script: Version 12.5.0.3.1012 User oats
9/08/2017 16:28:44 PM - Save Script: Version 12.5.0.3.1012 User oats
9/08/2017 16:33:49 PM - Save Script: Version 12.5.0.3.1012 User oats
9/08/2017 16:42:28 PM - Save Script: Version 12.5.0.3.1012 User oats
9/08/2017 16:44:50 PM - Launch Browser: IE version 8.0.7601.17514
9/08/2017 16:48:04 PM - Save Script: Version 12.5.0.3.1012 User oats
9/08/2017 16:50:48 PM - Save Script: Version 12.5.0.3.1012 User oats
9/11/2017 09:05:15 AM - Upgrade Script Results: Successfully upgraded script results.
9/11/2017 09:09:09 AM - Save Script: Version 12.5.0.3.1012 User oats
9/11/2017 09:09:17 AM - Save Script: Version 12.5.0.3.1012 User oats
9/11/2017 09:09:26 AM - Save Script: Version 12.5.0.3.1012 User oats
9/11/2017 09:09:45 AM - Save Script: Version 12.5.0.3.1012 User oats
9/11/2017 09:09:52 AM - Save Script: Version 12.5.0.3.1012 User oats
9/11/2017 09:10:21 AM - Save Script: Version 12.5.0.3.1012 User oats
9/11/2017 09:10:36 AM - Save Script: Version 12.5.0.3.1012 User oats
9/11/2017 09:11:18 AM - Save Script: Version 12.5.0.3.1012 User oats
9/11/2017 09:12:21 AM - Save Script: Version 12.5.0.3.1012 User oats
9/11/2017 10:28:15 AM - Upgrade Script Results: Successfully upgraded script results.
9/11/2017 10:42:33 AM - Save Script: Version 12.5.0.3.1012 User oats
9/11/2017 11:06:45 AM - Save Script: Version 12.5.0.3.1012 User oats
9/13/2017 12:56:28 PM - Upgrade Script Results: Successfully upgraded script results.
9/20/2017 13:29:52 PM - Save Script: Version 12.5.0.3.1012 User oats
9/20/2017 13:30:14 PM - Save Script: Version 12.5.0.3.1012 User oats
10/24/2017 14:50:22 PM - Save Script: Version 12.5.0.3.1012 User oats
10/24/2017 14:56:27 PM - Save Script: Version 12.5.0.3.1012 User oats
10/24/2017 14:58:25 PM - Upgrade Script Results: Successfully upgraded script results.
10/24/2017 15:05:25 PM - Save Script: Version 12.5.0.3.1012 User oats
10/24/2017 15:06:06 PM - Save Script: Version 12.5.0.3.1012 User oats
10/24/2017 15:06:55 PM - Save Script: Version 12.5.0.3.1012 User oats
10/24/2017 15:08:25 PM - Save Script: Version 12.5.0.3.1012 User oats
10/24/2017 15:08:56 PM - Save Script: Version 12.5.0.3.1012 User oats
10/24/2017 15:09:14 PM - Save Script: Version 12.5.0.3.1012 User oats
10/24/2017 15:23:17 PM - Save Script: Version 12.5.0.3.1012 User oats
10/24/2017 15:23:23 PM - Save Script: Version 12.5.0.3.1012 User oats
10/24/2017 15:26:16 PM - Save Script: Version 12.5.0.3.1012 User oats
10/24/2017 15:29:28 PM - Launch Browser: IE version 9.10.9200.17609
10/24/2017 15:31:30 PM - Save Script: Version 12.5.0.3.1012 User oats
10/24/2017 15:33:49 PM - Save Script: Version 12.5.0.3.1012 User oats
10/24/2017 15:34:43 PM - Save Script: Version 12.5.0.3.1012 User oats
10/24/2017 15:36:18 PM - Save Script: Version 12.5.0.3.1012 User oats
10/24/2017 15:36:39 PM - Save Script: Version 12.5.0.3.1012 User oats
10/24/2017 15:39:55 PM - Save Script: Version 12.5.0.3.1012 User oats
10/24/2017 15:40:56 PM - Save Script: Version 12.5.0.3.1012 User oats
10/24/2017 16:14:38 PM - Save Script: Version 12.5.0.3.1012 User oats
10/24/2017 16:14:59 PM - Save Script: Version 12.5.0.3.1012 User oats
10/24/2017 16:15:10 PM - Save Script: Version 12.5.0.3.1012 User oats
10/24/2017 16:16:03 PM - Save Script: Version 12.5.0.3.1012 User oats
10/24/2017 16:16:58 PM - Save Script: Version 12.5.0.3.1012 User oats
10/24/2017 16:17:43 PM - Save Script: Version 12.5.0.3.1012 User oats
10/24/2017 16:35:33 PM - Launch Browser: IE version 9.10.9200.17609
10/24/2017 16:38:23 PM - Save Script: Version 12.5.0.3.1012 User oats
10/24/2017 16:41:23 PM - Save Script: Version 12.5.0.3.1012 User oats
10/24/2017 16:44:04 PM - Save Script: Version 12.5.0.3.1012 User oats
10/24/2017 16:47:29 PM - Save Script: Version 12.5.0.3.1012 User oats
10/24/2017 16:50:04 PM - Save Script: Version 12.5.0.3.1012 User oats
10/24/2017 16:56:58 PM - Save Script: Version 12.5.0.3.1012 User oats
10/24/2017 17:07:41 PM - Launch Browser: IE version 9.10.9200.17609
10/24/2017 17:08:31 PM - Save Script: Version 12.5.0.3.1012 User oats
10/24/2017 17:23:05 PM - Save Script: Version 12.5.0.3.1012 User oats
10/24/2017 17:33:31 PM - Save Script: Version 12.5.0.3.1012 User oats
10/24/2017 17:33:43 PM - Launch Browser: IE version 9.10.9200.17609
10/24/2017 17:34:27 PM - Save Script: Version 12.5.0.3.1012 User oats
10/24/2017 17:40:13 PM - Save Script: Version 12.5.0.3.1012 User oats
10/24/2017 17:41:54 PM - Upgrade Script Results: Successfully upgraded script results.
10/24/2017 17:50:38 PM - Save Script: Version 12.5.0.3.1012 User oats
10/24/2017 17:50:44 PM - Save Script: Version 12.5.0.3.1012 User oats
10/24/2017 17:51:10 PM - Save Script: Version 12.5.0.3.1012 User oats
10/25/2017 09:20:59 AM - Upgrade Script Results: Successfully upgraded script results.