9/05/2017 18:04:06 PM - Save Script: Version 12.5.0.3.1012 User oats
9/06/2017 09:44:29 AM - Launch Browser: IE version 8.0.7601.17514
9/06/2017 09:52:28 AM - Save Script: Version 12.5.0.3.1012 User oats
9/06/2017 09:54:03 AM - Save Script: Version 12.5.0.3.1012 User oats
9/06/2017 09:55:13 AM - Save Script: Version 12.5.0.3.1012 User oats
9/06/2017 10:00:29 AM - Save Script: Version 12.5.0.3.1012 User oats
9/06/2017 10:05:35 AM - Save Script: Version 12.5.0.3.1012 User oats
9/06/2017 10:11:00 AM - Save Script: Version 12.5.0.3.1012 User oats
9/06/2017 10:11:51 AM - Save Script: Version 12.5.0.3.1012 User oats
9/06/2017 10:12:27 AM - Save Script: Version 12.5.0.3.1012 User oats
9/06/2017 10:14:00 AM - Save Script: Version 12.5.0.3.1012 User oats
9/06/2017 10:14:20 AM - Save Script: Version 12.5.0.3.1012 User oats
9/06/2017 10:19:15 AM - Save Script: Version 12.5.0.3.1012 User oats
9/06/2017 10:21:27 AM - Save Script: Version 12.5.0.3.1012 User oats
9/06/2017 10:24:19 AM - Save Script: Version 12.5.0.3.1012 User oats
9/06/2017 10:24:56 AM - Save Script: Version 12.5.0.3.1012 User oats
9/06/2017 10:26:36 AM - Save Script: Version 12.5.0.3.1012 User oats
9/06/2017 10:26:52 AM - Save Script: Version 12.5.0.3.1012 User oats
9/06/2017 10:44:13 AM - Save Script: Version 12.5.0.3.1012 User oats
9/06/2017 10:45:15 AM - Save Script: Version 12.5.0.3.1012 User oats
9/06/2017 11:01:39 AM - Save Script: Version 12.5.0.3.1012 User oats
9/06/2017 11:11:33 AM - Save Script: Version 12.5.0.3.1012 User oats
9/06/2017 11:12:32 AM - Save Script: Version 12.5.0.3.1012 User oats
9/06/2017 11:14:32 AM - Save Script: Version 12.5.0.3.1012 User oats
9/06/2017 11:14:47 AM - Save Script: Version 12.5.0.3.1012 User oats
9/06/2017 11:15:25 AM - Save Script: Version 12.5.0.3.1012 User oats
9/06/2017 11:20:47 AM - Save Script: Version 12.5.0.3.1012 User oats
9/06/2017 11:32:27 AM - Launch Browser: IE version 8.0.7601.17514
9/06/2017 11:35:46 AM - Save Script: Version 12.5.0.3.1012 User oats
9/06/2017 11:37:51 AM - Save Script: Version 12.5.0.3.1012 User oats
9/06/2017 11:41:13 AM - Save Script: Version 12.5.0.3.1012 User oats
9/06/2017 11:42:18 AM - Save Script: Version 12.5.0.3.1012 User oats
9/06/2017 11:42:58 AM - Save Script: Version 12.5.0.3.1012 User oats
9/06/2017 11:43:50 AM - Save Script: Version 12.5.0.3.1012 User oats
9/06/2017 11:52:41 AM - Save Script: Version 12.5.0.3.1012 User oats
9/06/2017 12:00:32 PM - Launch Browser: IE version 8.0.7601.17514
9/06/2017 12:07:06 PM - Save Script: Version 12.5.0.3.1012 User oats
9/06/2017 12:07:26 PM - Save Script: Version 12.5.0.3.1012 User oats
9/06/2017 12:40:31 PM - Save Script: Version 12.5.0.3.1012 User oats
9/06/2017 12:50:37 PM - Upgrade Script Results: Successfully upgraded script results.
9/07/2017 17:43:12 PM - Upgrade Script Results: Successfully upgraded script results.
10/10/2017 12:35:29 PM - Upgrade Script Results: Successfully upgraded script results.
10/12/2017 15:26:19 PM - Save Script: Version 12.5.0.3.1012 User oats
10/12/2017 15:29:37 PM - Save Script: Version 12.5.0.3.1012 User oats