10/10/2017 16:09:40 PM - Launch Browser: IE version 9.10.9200.17609
10/10/2017 16:31:21 PM - Save Script: Version 12.5.0.3.1012 User oats
10/10/2017 16:33:20 PM - Save Script: Version 12.5.0.3.1012 User oats
10/10/2017 16:33:55 PM - Save Script: Version 12.5.0.3.1012 User oats
10/10/2017 16:34:28 PM - Save Script: Version 12.5.0.3.1012 User oats
10/10/2017 16:36:05 PM - Save Script: Version 12.5.0.3.1012 User oats
10/10/2017 16:43:15 PM - Save Script: Version 12.5.0.3.1012 User oats
10/10/2017 16:47:40 PM - Save Script: Version 12.5.0.3.1012 User oats
10/10/2017 16:52:28 PM - Save Script: Version 12.5.0.3.1012 User oats
10/10/2017 16:55:29 PM - Save Script: Version 12.5.0.3.1012 User oats
10/10/2017 17:08:32 PM - Launch Browser: IE version 9.10.9200.17609
10/10/2017 17:09:05 PM - Upgrade Script Results: Successfully upgraded script results.
10/10/2017 17:11:55 PM - Launch Browser: IE version 9.10.9200.17609
10/10/2017 17:30:43 PM - Save Script: Version 12.5.0.3.1012 User oats
10/10/2017 17:33:55 PM - Save Script: Version 12.5.0.3.1012 User oats
10/10/2017 17:35:13 PM - Save Script: Version 12.5.0.3.1012 User oats
10/10/2017 17:40:27 PM - Save Script: Version 12.5.0.3.1012 User oats
10/10/2017 17:49:26 PM - Save Script: Version 12.5.0.3.1012 User oats
10/10/2017 17:50:35 PM - Save Script: Version 12.5.0.3.1012 User oats
10/10/2017 17:51:23 PM - Save Script: Version 12.5.0.3.1012 User oats
10/10/2017 17:51:42 PM - Save Script: Version 12.5.0.3.1012 User oats
10/11/2017 09:39:50 AM - Upgrade Script Results: Successfully upgraded script results.
10/11/2017 09:50:41 AM - Save Script: Version 12.5.0.3.1012 User oats
10/11/2017 09:50:56 AM - Save Script: Version 12.5.0.3.1012 User oats
10/11/2017 09:51:04 AM - Save Script: Version 12.5.0.3.1012 User oats
10/11/2017 09:56:06 AM - Save Script: Version 12.5.0.3.1012 User oats
10/11/2017 09:56:17 AM - Save Script: Version 12.5.0.3.1012 User oats
10/11/2017 09:56:39 AM - Save Script: Version 12.5.0.3.1012 User oats
10/11/2017 10:15:42 AM - Save Script: Version 12.5.0.3.1012 User oats
10/11/2017 10:16:52 AM - Save Script: Version 12.5.0.3.1012 User oats
10/11/2017 10:22:43 AM - Save Script: Version 12.5.0.3.1012 User oats
10/11/2017 10:23:15 AM - Save Script: Version 12.5.0.3.1012 User oats
10/11/2017 10:23:33 AM - Save Script: Version 12.5.0.3.1012 User oats
10/11/2017 10:26:36 AM - Save Script: Version 12.5.0.3.1012 User oats
10/11/2017 10:30:07 AM - Save Script: Version 12.5.0.3.1012 User oats
10/11/2017 10:31:06 AM - Save Script: Version 12.5.0.3.1012 User oats
10/11/2017 10:31:15 AM - Save Script: Version 12.5.0.3.1012 User oats
10/11/2017 10:31:23 AM - Save Script: Version 12.5.0.3.1012 User oats
10/11/2017 10:32:11 AM - Save Script: Version 12.5.0.3.1012 User oats
10/11/2017 10:34:29 AM - Save Script: Version 12.5.0.3.1012 User oats
10/11/2017 10:35:53 AM - Save Script: Version 12.5.0.3.1012 User oats
10/11/2017 10:36:45 AM - Save Script: Version 12.5.0.3.1012 User oats
10/11/2017 10:42:10 AM - Save Script: Version 12.5.0.3.1012 User oats
10/11/2017 10:42:30 AM - Save Script: Version 12.5.0.3.1012 User oats
10/11/2017 10:43:43 AM - Save Script: Version 12.5.0.3.1012 User oats
10/11/2017 10:43:54 AM - Save Script: Version 12.5.0.3.1012 User oats
10/11/2017 10:44:47 AM - Save Script: Version 12.5.0.3.1012 User oats
10/11/2017 10:45:30 AM - Save Script: Version 12.5.0.3.1012 User oats
10/11/2017 11:39:18 AM - Save Script: Version 12.5.0.3.1012 User oats
10/11/2017 11:40:28 AM - Save Script: Version 12.5.0.3.1012 User oats
10/11/2017 11:40:53 AM - Save Script: Version 12.5.0.3.1012 User oats
10/11/2017 11:41:36 AM - Save Script: Version 12.5.0.3.1012 User oats
10/11/2017 11:54:20 AM - Save Script: Version 12.5.0.3.1012 User oats
10/11/2017 11:54:35 AM - Save Script: Version 12.5.0.3.1012 User oats
10/11/2017 12:21:17 PM - Save Script: Version 12.5.0.3.1012 User oats
10/11/2017 12:21:24 PM - Save Script: Version 12.5.0.3.1012 User oats
10/11/2017 12:21:41 PM - Save Script: Version 12.5.0.3.1012 User oats
10/11/2017 12:24:43 PM - Save Script: Version 12.5.0.3.1012 User oats
10/11/2017 12:27:18 PM - Save Script: Version 12.5.0.3.1012 User oats
10/11/2017 12:29:06 PM - Save Script: Version 12.5.0.3.1012 User oats
10/11/2017 13:37:57 PM - Launch Browser: IE version 9.10.9200.17609
10/11/2017 13:41:47 PM - Save Script: Version 12.5.0.3.1012 User oats
10/11/2017 14:23:21 PM - Save Script: Version 12.5.0.3.1012 User oats
10/11/2017 14:26:34 PM - Save Script: Version 12.5.0.3.1012 User oats
10/11/2017 14:27:13 PM - Save Script: Version 12.5.0.3.1012 User oats
10/11/2017 14:28:15 PM - Save Script: Version 12.5.0.3.1012 User oats
10/11/2017 14:34:38 PM - Save Script: Version 12.5.0.3.1012 User oats
10/11/2017 14:44:03 PM - Save Script: Version 12.5.0.3.1012 User oats
10/11/2017 14:53:26 PM - Save Script: Version 12.5.0.3.1012 User oats
10/11/2017 14:54:12 PM - Save Script: Version 12.5.0.3.1012 User oats
10/11/2017 15:07:41 PM - Save Script: Version 12.5.0.3.1012 User oats
10/11/2017 15:11:12 PM - Save Script: Version 12.5.0.3.1012 User oats
10/11/2017 15:14:50 PM - Save Script: Version 12.5.0.3.1012 User oats
10/11/2017 15:29:49 PM - Save Script: Version 12.5.0.3.1012 User oats
10/11/2017 15:57:06 PM - Upgrade Script Results: Successfully upgraded script results.
10/12/2017 10:17:19 AM - Upgrade Script Results: Successfully upgraded script results.
10/12/2017 14:15:24 PM - Save Script: Version 12.5.0.3.1012 User oats