9/15/2017 19:33:54 PM - Launch Browser: IE version 8.0.7601.17514
9/15/2017 19:48:21 PM - Save Script: Version 12.5.0.3.1012 User oats
9/15/2017 20:28:57 PM - Save Script: Version 12.5.0.3.1012 User oats
9/15/2017 20:31:22 PM - Save Script: Version 12.5.0.3.1012 User oats
9/15/2017 20:42:29 PM - Save Script: Version 12.5.0.3.1012 User oats
9/15/2017 20:48:45 PM - Save Script: Version 12.5.0.3.1012 User oats
9/15/2017 20:58:36 PM - Save Script: Version 12.5.0.3.1012 User oats
9/15/2017 21:03:15 PM - Save Script: Version 12.5.0.3.1012 User oats
9/15/2017 21:11:32 PM - Save Script: Version 12.5.0.3.1012 User oats
9/18/2017 09:18:05 AM - Save Script: Version 12.5.0.3.1012 User oats
9/18/2017 09:18:36 AM - Save Script: Version 12.5.0.3.1012 User oats
9/18/2017 09:21:06 AM - Save Script: Version 12.5.0.3.1012 User oats
9/18/2017 09:30:02 AM - Save Script: Version 12.5.0.3.1012 User oats
9/18/2017 09:31:23 AM - Save Script: Version 12.5.0.3.1012 User oats
9/18/2017 09:31:36 AM - Save Script: Version 12.5.0.3.1012 User oats
9/18/2017 09:37:23 AM - Save Script: Version 12.5.0.3.1012 User oats
9/18/2017 09:43:32 AM - Save Script: Version 12.5.0.3.1012 User oats
9/18/2017 09:44:15 AM - Save Script: Version 12.5.0.3.1012 User oats
9/18/2017 09:45:49 AM - Save Script: Version 12.5.0.3.1012 User oats
9/18/2017 09:46:22 AM - Save Script: Version 12.5.0.3.1012 User oats
9/18/2017 09:46:33 AM - Save Script: Version 12.5.0.3.1012 User oats
9/18/2017 09:47:22 AM - Save Script: Version 12.5.0.3.1012 User oats
9/18/2017 09:51:25 AM - Save Script: Version 12.5.0.3.1012 User oats
9/18/2017 09:53:46 AM - Save Script: Version 12.5.0.3.1012 User oats
9/18/2017 09:53:58 AM - Save Script: Version 12.5.0.3.1012 User oats
9/18/2017 10:03:56 AM - Save Script: Version 12.5.0.3.1012 User oats
9/18/2017 10:04:54 AM - Save Script: Version 12.5.0.3.1012 User oats
9/18/2017 10:16:51 AM - Save Script: Version 12.5.0.3.1012 User oats
9/18/2017 10:31:35 AM - Upgrade Script Results: Successfully upgraded script results.
9/18/2017 10:35:17 AM - Launch Browser: IE version 8.0.7601.17514
9/18/2017 10:38:50 AM - Save Script: Version 12.5.0.3.1012 User oats
9/18/2017 10:39:07 AM - Save Script: Version 12.5.0.3.1012 User oats
9/18/2017 10:43:39 AM - Save Script: Version 12.5.0.3.1012 User oats
9/18/2017 10:57:35 AM - Save Script: Version 12.5.0.3.1012 User oats
9/18/2017 10:57:55 AM - Save Script: Version 12.5.0.3.1012 User oats
9/18/2017 10:59:41 AM - Save Script: Version 12.5.0.3.1012 User oats
9/18/2017 11:02:33 AM - Save Script: Version 12.5.0.3.1012 User oats
9/18/2017 11:04:05 AM - Save Script: Version 12.5.0.3.1012 User oats
9/18/2017 11:11:44 AM - Save Script: Version 12.5.0.3.1012 User oats
9/18/2017 11:12:19 AM - Save Script: Version 12.5.0.3.1012 User oats
9/18/2017 11:13:04 AM - Launch Browser: IE version 8.0.7601.17514
9/18/2017 11:13:45 AM - Save Script: Version 12.5.0.3.1012 User oats
9/18/2017 11:14:08 AM - Save Script: Version 12.5.0.3.1012 User oats
9/18/2017 11:17:14 AM - Save Script: Version 12.5.0.3.1012 User oats
9/18/2017 13:17:18 PM - Save Script: Version 12.5.0.3.1012 User oats
9/18/2017 13:17:37 PM - Save Script: Version 12.5.0.3.1012 User oats
9/18/2017 13:18:11 PM - Save Script: Version 12.5.0.3.1012 User oats
9/18/2017 13:18:20 PM - Save Script: Version 12.5.0.3.1012 User oats
9/18/2017 13:19:01 PM - Save Script: Version 12.5.0.3.1012 User oats
9/18/2017 13:42:45 PM - Save Script: Version 12.5.0.3.1012 User oats
9/18/2017 13:43:40 PM - Save Script: Version 12.5.0.3.1012 User oats
9/18/2017 13:44:47 PM - Save Script: Version 12.5.0.3.1012 User oats
9/18/2017 13:45:24 PM - Save Script: Version 12.5.0.3.1012 User oats
9/18/2017 13:48:13 PM - Save Script: Version 12.5.0.3.1012 User oats
9/18/2017 13:49:04 PM - Save Script: Version 12.5.0.3.1012 User oats
9/18/2017 13:49:24 PM - Save Script: Version 12.5.0.3.1012 User oats
9/18/2017 13:49:58 PM - Save Script: Version 12.5.0.3.1012 User oats
9/18/2017 13:51:35 PM - Save Script: Version 12.5.0.3.1012 User oats
9/18/2017 13:51:51 PM - Save Script: Version 12.5.0.3.1012 User oats
9/18/2017 13:52:40 PM - Save Script: Version 12.5.0.3.1012 User oats
9/18/2017 13:52:53 PM - Save Script: Version 12.5.0.3.1012 User oats
9/18/2017 13:56:16 PM - Save Script: Version 12.5.0.3.1012 User oats
9/18/2017 13:59:03 PM - Upgrade Script Results: Successfully upgraded script results.
9/18/2017 13:59:21 PM - Save Script: Version 12.5.0.3.1012 User oats
9/18/2017 14:38:24 PM - Launch Browser: IE version 8.0.7601.17514
9/18/2017 14:48:18 PM - Save Script: Version 12.5.0.3.1012 User oats
9/18/2017 14:54:55 PM - Launch Browser: IE version 8.0.7601.17514
9/18/2017 15:21:02 PM - Save Script: Version 12.5.0.3.1012 User oats
9/18/2017 15:21:36 PM - Save Script: Version 12.5.0.3.1012 User oats
9/18/2017 15:21:56 PM - Save Script: Version 12.5.0.3.1012 User oats
9/18/2017 15:22:40 PM - Save Script: Version 12.5.0.3.1012 User oats
9/18/2017 15:24:39 PM - Save Script: Version 12.5.0.3.1012 User oats
9/18/2017 15:32:57 PM - Save Script: Version 12.5.0.3.1012 User oats
9/18/2017 18:51:37 PM - Save Script: Version 12.5.0.3.1012 User oats
9/19/2017 09:13:23 AM - Upgrade Script Results: Successfully upgraded script results.
9/19/2017 09:25:43 AM - Upgrade Script Results: Successfully upgraded script results.
9/19/2017 09:34:58 AM - Launch Browser: IE version 8.0.7601.17514
9/19/2017 10:03:20 AM - Launch Browser: IE version 8.0.7601.17514
9/19/2017 10:04:06 AM - Launch Browser: IE version 8.0.7601.17514
9/19/2017 10:07:22 AM - Launch Browser: IE version 8.0.7601.17514
9/19/2017 10:15:59 AM - Save Script: Version 12.5.0.3.1012 User oats
9/19/2017 11:17:20 AM - Save Script: Version 12.5.0.3.1012 User oats
9/19/2017 11:20:24 AM - Save Script: Version 12.5.0.3.1012 User oats
9/19/2017 11:20:53 AM - Save Script: Version 12.5.0.3.1012 User oats
9/19/2017 11:21:11 AM - Save Script: Version 12.5.0.3.1012 User oats
9/19/2017 11:24:36 AM - Save Script: Version 12.5.0.3.1012 User oats
9/19/2017 11:26:15 AM - Save Script: Version 12.5.0.3.1012 User oats
9/19/2017 11:26:36 AM - Save Script: Version 12.5.0.3.1012 User oats
9/19/2017 11:34:34 AM - Save Script: Version 12.5.0.3.1012 User oats
9/19/2017 11:34:50 AM - Save Script: Version 12.5.0.3.1012 User oats
9/19/2017 11:35:53 AM - Launch Browser: IE version 8.0.7601.17514
9/19/2017 11:41:45 AM - Save Script: Version 12.5.0.3.1012 User oats
9/19/2017 11:45:32 AM - Save Script: Version 12.5.0.3.1012 User oats
9/19/2017 11:46:56 AM - Save Script: Version 12.5.0.3.1012 User oats
9/19/2017 11:47:08 AM - Save Script: Version 12.5.0.3.1012 User oats
9/19/2017 11:50:25 AM - Save Script: Version 12.5.0.3.1012 User oats
9/19/2017 11:53:16 AM - Save Script: Version 12.5.0.3.1012 User oats
9/19/2017 11:53:51 AM - Save Script: Version 12.5.0.3.1012 User oats
9/19/2017 11:54:28 AM - Save Script: Version 12.5.0.3.1012 User oats
9/19/2017 11:56:08 AM - Save Script: Version 12.5.0.3.1012 User oats
9/19/2017 12:00:13 PM - Save Script: Version 12.5.0.3.1012 User oats
9/19/2017 12:01:19 PM - Save Script: Version 12.5.0.3.1012 User oats
9/19/2017 12:01:49 PM - Save Script: Version 12.5.0.3.1012 User oats
9/19/2017 12:02:43 PM - Save Script: Version 12.5.0.3.1012 User oats
9/19/2017 12:02:52 PM - Save Script: Version 12.5.0.3.1012 User oats
9/19/2017 12:13:24 PM - Save Script: Version 12.5.0.3.1012 User oats
9/19/2017 12:15:52 PM - Save Script: Version 12.5.0.3.1012 User oats
9/27/2017 10:42:54 AM - Upgrade Script Results: Successfully upgraded script results.
10/31/2017 10:56:32 AM - Save Script: Version 12.5.0.3.1012 User oats
10/31/2017 10:58:54 AM - Save Script: Version 12.5.0.3.1012 User oats
10/31/2017 11:02:08 AM - Save Script: Version 12.5.0.3.1012 User oats
10/31/2017 11:02:43 AM - Save Script: Version 12.5.0.3.1012 User oats
10/31/2017 11:03:15 AM - Save Script: Version 12.5.0.3.1012 User oats
10/31/2017 11:03:43 AM - Save Script: Version 12.5.0.3.1012 User oats
10/31/2017 11:04:09 AM - Save Script: Version 12.5.0.3.1012 User oats
10/31/2017 11:04:45 AM - Save Script: Version 12.5.0.3.1012 User oats
10/31/2017 11:28:42 AM - Save Script: Version 12.5.0.3.1012 User oats
10/31/2017 11:47:20 AM - Save Script: Version 12.5.0.3.1012 User oats
10/31/2017 11:59:14 AM - Save Script: Version 12.5.0.3.1012 User oats
10/31/2017 12:57:38 PM - Save Script: Version 12.5.0.3.1012 User oats
10/31/2017 12:57:43 PM - Save Script: Version 12.5.0.3.1012 User oats
10/31/2017 12:58:16 PM - Save Script: Version 12.5.0.3.1012 User oats
10/31/2017 14:26:38 PM - Save Script: Version 12.5.0.3.1012 User oats
10/31/2017 14:33:35 PM - Save Script: Version 12.5.0.3.1012 User oats
10/31/2017 14:34:39 PM - Save Script: Version 12.5.0.3.1012 User oats
10/31/2017 14:56:13 PM - Launch Browser: IE version 9.10.9200.17609
10/31/2017 14:57:05 PM - Save Script: Version 12.5.0.3.1012 User oats
10/31/2017 14:58:26 PM - Save Script: Version 12.5.0.3.1012 User oats
10/31/2017 15:02:14 PM - Save Script: Version 12.5.0.3.1012 User oats