9/15/2017 10:06:01 AM - Launch Browser: IE version 8.0.7601.17514
9/15/2017 10:28:16 AM - Save Script: Version 12.5.0.3.1012 User oats
9/15/2017 10:29:14 AM - Save Script: Version 12.5.0.3.1012 User oats
9/15/2017 10:30:51 AM - Save Script: Version 12.5.0.3.1012 User oats
9/15/2017 10:31:24 AM - Save Script: Version 12.5.0.3.1012 User oats
9/15/2017 10:31:53 AM - Save Script: Version 12.5.0.3.1012 User oats
9/15/2017 10:32:17 AM - Save Script: Version 12.5.0.3.1012 User oats
9/15/2017 10:47:55 AM - Save Script: Version 12.5.0.3.1012 User oats
9/15/2017 11:06:17 AM - Save Script: Version 12.5.0.3.1012 User oats
9/15/2017 11:33:50 AM - Save Script: Version 12.5.0.3.1012 User oats
9/15/2017 12:24:33 PM - Save Script: Version 12.5.0.3.1012 User oats
9/15/2017 12:27:02 PM - Save Script: Version 12.5.0.3.1012 User oats
9/15/2017 12:31:43 PM - Save Script: Version 12.5.0.3.1012 User oats
9/15/2017 12:36:07 PM - Save Script: Version 12.5.0.3.1012 User oats
9/15/2017 12:48:00 PM - Save Script: Version 12.5.0.3.1012 User oats
9/15/2017 12:53:33 PM - Save Script: Version 12.5.0.3.1012 User oats
9/15/2017 13:01:07 PM - Save Script: Version 12.5.0.3.1012 User oats
9/15/2017 13:33:39 PM - Save Script: Version 12.5.0.3.1012 User oats
9/15/2017 13:41:01 PM - Save Script: Version 12.5.0.3.1012 User oats
9/15/2017 13:44:14 PM - Save Script: Version 12.5.0.3.1012 User oats
9/15/2017 13:45:40 PM - Save Script: Version 12.5.0.3.1012 User oats
9/15/2017 13:48:16 PM - Save Script: Version 12.5.0.3.1012 User oats
9/15/2017 13:48:26 PM - Save Script: Version 12.5.0.3.1012 User oats
9/15/2017 13:49:17 PM - Save Script: Version 12.5.0.3.1012 User oats
9/15/2017 13:49:50 PM - Save Script: Version 12.5.0.3.1012 User oats
9/15/2017 19:33:12 PM - Upgrade Script Results: Successfully upgraded script results.
9/18/2017 08:41:59 AM - Upgrade Script Results: Successfully upgraded script results.
9/18/2017 09:20:30 AM - Upgrade Script Results: Successfully upgraded script results.
10/03/2017 09:24:03 AM - Save Script: Version 12.5.0.3.1012 User oats
10/03/2017 10:56:30 AM - Save Script: Version 12.5.0.3.1012 User oats
10/03/2017 10:56:38 AM - Save Script: Version 12.5.0.3.1012 User oats
10/03/2017 10:57:11 AM - Save Script: Version 12.5.0.3.1012 User oats
10/03/2017 12:31:01 PM - Save Script: Version 12.5.0.3.1012 User oats
10/03/2017 12:32:18 PM - Save Script: Version 12.5.0.3.1012 User oats
10/03/2017 12:33:23 PM - Save Script: Version 12.5.0.3.1012 User oats
10/03/2017 12:33:39 PM - Save Script: Version 12.5.0.3.1012 User oats
10/03/2017 12:34:50 PM - Save Script: Version 12.5.0.3.1012 User oats
10/03/2017 14:57:17 PM - Save Script: Version 12.5.0.3.1012 User oats
10/03/2017 14:57:42 PM - Save Script: Version 12.5.0.3.1012 User oats
10/03/2017 14:57:50 PM - Save Script: Version 12.5.0.3.1012 User oats
10/03/2017 14:58:37 PM - Save Script: Version 12.5.0.3.1012 User oats
10/03/2017 14:59:04 PM - Save Script: Version 12.5.0.3.1012 User oats
10/03/2017 15:23:13 PM - Save Script: Version 12.5.0.3.1012 User oats
10/03/2017 15:24:33 PM - Save Script: Version 12.5.0.3.1012 User oats
10/03/2017 15:25:26 PM - Save Script: Version 12.5.0.3.1012 User oats
10/03/2017 15:55:46 PM - Save Script: Version 12.5.0.3.1012 User oats
10/03/2017 15:55:59 PM - Save Script: Version 12.5.0.3.1012 User oats
10/03/2017 15:56:15 PM - Save Script: Version 12.5.0.3.1012 User oats
10/03/2017 15:56:24 PM - Save Script: Version 12.5.0.3.1012 User oats
10/03/2017 15:56:33 PM - Save Script: Version 12.5.0.3.1012 User oats
10/03/2017 15:56:42 PM - Save Script: Version 12.5.0.3.1012 User oats
10/03/2017 15:57:16 PM - Save Script: Version 12.5.0.3.1012 User oats
10/03/2017 15:57:31 PM - Save Script: Version 12.5.0.3.1012 User oats
10/03/2017 15:57:55 PM - Save Script: Version 12.5.0.3.1012 User oats
10/03/2017 16:03:23 PM - Save Script: Version 12.5.0.3.1012 User oats
10/03/2017 16:04:35 PM - Save Script: Version 12.5.0.3.1012 User oats
10/03/2017 16:06:12 PM - Save Script: Version 12.5.0.3.1012 User oats
10/03/2017 16:06:49 PM - Save Script: Version 12.5.0.3.1012 User oats
10/03/2017 16:07:25 PM - Save Script: Version 12.5.0.3.1012 User oats
10/03/2017 16:07:53 PM - Save Script: Version 12.5.0.3.1012 User oats
10/03/2017 16:08:18 PM - Save Script: Version 12.5.0.3.1012 User oats
10/03/2017 16:08:50 PM - Save Script: Version 12.5.0.3.1012 User oats
10/03/2017 16:09:39 PM - Save Script: Version 12.5.0.3.1012 User oats
10/03/2017 16:14:54 PM - Save Script: Version 12.5.0.3.1012 User oats
10/03/2017 16:32:52 PM - Save Script: Version 12.5.0.3.1012 User oats
10/03/2017 16:33:25 PM - Save Script: Version 12.5.0.3.1012 User oats
10/03/2017 16:38:44 PM - Save Script: Version 12.5.0.3.1012 User oats
10/03/2017 16:40:36 PM - Save Script: Version 12.5.0.3.1012 User oats
10/03/2017 16:40:58 PM - Save Script: Version 12.5.0.3.1012 User oats
10/03/2017 16:41:10 PM - Save Script: Version 12.5.0.3.1012 User oats
10/03/2017 16:46:43 PM - Save Script: Version 12.5.0.3.1012 User oats
10/03/2017 17:00:35 PM - Save Script: Version 12.5.0.3.1012 User oats
10/03/2017 17:01:01 PM - Save Script: Version 12.5.0.3.1012 User oats
10/03/2017 17:01:11 PM - Save Script: Version 12.5.0.3.1012 User oats
10/03/2017 17:12:02 PM - Save Script: Version 12.5.0.3.1012 User oats
10/03/2017 17:15:26 PM - Save Script: Version 12.5.0.3.1012 User oats
10/03/2017 17:16:13 PM - Save Script: Version 12.5.0.3.1012 User oats
10/03/2017 17:16:41 PM - Save Script: Version 12.5.0.3.1012 User oats
10/03/2017 17:16:55 PM - Save Script: Version 12.5.0.3.1012 User oats
10/03/2017 17:40:06 PM - Save Script: Version 12.5.0.3.1012 User oats
10/03/2017 17:42:46 PM - Save Script: Version 12.5.0.3.1012 User oats
10/03/2017 17:43:38 PM - Save Script: Version 12.5.0.3.1012 User oats
10/03/2017 17:56:32 PM - Launch Browser: IE version 9.10.9200.17609
10/03/2017 17:57:30 PM - Save Script: Version 12.5.0.3.1012 User oats
10/03/2017 18:01:25 PM - Save Script: Version 12.5.0.3.1012 User oats
10/04/2017 08:56:24 AM - Upgrade Script Results: Successfully upgraded script results.
10/04/2017 10:27:34 AM - Launch Browser: IE version 9.10.9200.17609
10/04/2017 10:30:57 AM - Save Script: Version 12.5.0.3.1012 User oats
10/04/2017 10:32:51 AM - Save Script: Version 12.5.0.3.1012 User oats
10/04/2017 12:03:17 PM - Save Script: Version 12.5.0.3.1012 User oats
10/04/2017 12:06:42 PM - Save Script: Version 12.5.0.3.1012 User oats
10/04/2017 12:07:52 PM - Save Script: Version 12.5.0.3.1012 User oats
10/04/2017 12:22:42 PM - Save Script: Version 12.5.0.3.1012 User oats
10/04/2017 12:22:52 PM - Save Script: Version 12.5.0.3.1012 User oats
10/04/2017 12:37:20 PM - Save Script: Version 12.5.0.3.1012 User oats
10/04/2017 12:37:34 PM - Save Script: Version 12.5.0.3.1012 User oats
10/05/2017 12:15:06 PM - Upgrade Script Results: Successfully upgraded script results.
10/05/2017 12:15:07 PM - Upgrade Script Results: Successfully upgraded script results.
10/05/2017 15:33:49 PM - Save Script: Version 12.5.0.3.1012 User oats
10/06/2017 09:40:12 AM - Save Script: Version 12.5.0.3.1012 User oats
10/06/2017 09:40:48 AM - Save Script: Version 12.5.0.3.1012 User oats
10/06/2017 09:41:24 AM - Save Script: Version 12.5.0.3.1012 User oats
10/06/2017 10:37:13 AM - Save Script: Version 12.5.0.3.1012 User oats
10/06/2017 10:42:52 AM - Save Script: Version 12.5.0.3.1012 User oats
10/06/2017 10:43:16 AM - Save Script: Version 12.5.0.3.1012 User oats
10/06/2017 10:44:58 AM - Save Script: Version 12.5.0.3.1012 User oats
10/06/2017 10:48:58 AM - Save Script: Version 12.5.0.3.1012 User oats
10/06/2017 10:53:09 AM - Save Script: Version 12.5.0.3.1012 User oats
10/06/2017 10:54:45 AM - Save Script: Version 12.5.0.3.1012 User oats
10/06/2017 10:55:31 AM - Save Script: Version 12.5.0.3.1012 User oats
10/06/2017 10:57:15 AM - Save Script: Version 12.5.0.3.1012 User oats
10/06/2017 10:58:16 AM - Save Script: Version 12.5.0.3.1012 User oats
10/06/2017 11:00:52 AM - Save Script: Version 12.5.0.3.1012 User oats
10/06/2017 11:20:05 AM - Save Script: Version 12.5.0.3.1012 User oats
10/06/2017 11:25:56 AM - Save Script: Version 12.5.0.3.1012 User oats
10/06/2017 11:30:02 AM - Save Script: Version 12.5.0.3.1012 User oats
10/06/2017 11:32:02 AM - Save Script: Version 12.5.0.3.1012 User oats
10/06/2017 11:38:57 AM - Save Script: Version 12.5.0.3.1012 User oats
10/06/2017 11:40:19 AM - Save Script: Version 12.5.0.3.1012 User oats
10/06/2017 11:41:10 AM - Save Script: Version 12.5.0.3.1012 User oats
10/06/2017 11:41:54 AM - Save Script: Version 12.5.0.3.1012 User oats
10/06/2017 11:43:18 AM - Save Script: Version 12.5.0.3.1012 User oats
10/06/2017 11:45:30 AM - Save Script: Version 12.5.0.3.1012 User oats
10/06/2017 12:13:55 PM - Save Script: Version 12.5.0.3.1012 User oats
10/06/2017 12:14:13 PM - Save Script: Version 12.5.0.3.1012 User oats
10/06/2017 12:15:27 PM - Save Script: Version 12.5.0.3.1012 User oats
10/06/2017 12:17:47 PM - Save Script: Version 12.5.0.3.1012 User oats
10/06/2017 12:29:52 PM - Save Script: Version 12.5.0.3.1012 User oats
10/06/2017 12:39:37 PM - Save Script: Version 12.5.0.3.1012 User oats
10/06/2017 12:39:49 PM - Save Script: Version 12.5.0.3.1012 User oats
10/06/2017 12:41:37 PM - Save Script: Version 12.5.0.3.1012 User oats
10/06/2017 12:50:00 PM - Save Script: Version 12.5.0.3.1012 User oats
10/06/2017 12:50:37 PM - Save Script: Version 12.5.0.3.1012 User oats
10/06/2017 12:50:57 PM - Save Script: Version 12.5.0.3.1012 User oats
10/06/2017 12:51:57 PM - Save Script: Version 12.5.0.3.1012 User oats
10/06/2017 13:07:11 PM - Save Script: Version 12.5.0.3.1012 User oats
10/06/2017 14:52:06 PM - Save Script: Version 12.5.0.3.1012 User oats
10/06/2017 14:52:32 PM - Save Script: Version 12.5.0.3.1012 User oats
10/06/2017 14:55:08 PM - Save Script: Version 12.5.0.3.1012 User oats
10/06/2017 14:55:36 PM - Save Script: Version 12.5.0.3.1012 User oats
10/06/2017 15:31:38 PM - Save Script: Version 12.5.0.3.1012 User oats
10/06/2017 16:06:02 PM - Save Script: Version 12.5.0.3.1012 User oats
10/06/2017 16:27:44 PM - Save Script: Version 12.5.0.3.1012 User oats
10/06/2017 16:40:16 PM - Save Script: Version 12.5.0.3.1012 User oats
10/06/2017 16:43:04 PM - Save Script: Version 12.5.0.3.1012 User oats
10/06/2017 16:54:33 PM - Save Script: Version 12.5.0.3.1012 User oats
10/06/2017 16:54:48 PM - Save Script: Version 12.5.0.3.1012 User oats
10/06/2017 16:55:03 PM - Upgrade Script Results: Successfully upgraded script results.
10/06/2017 16:58:55 PM - Save Script: Version 12.5.0.3.1012 User oats
10/06/2017 16:59:22 PM - Save Script: Version 12.5.0.3.1012 User oats
10/06/2017 16:59:46 PM - Save Script: Version 12.5.0.3.1012 User oats
10/06/2017 17:03:24 PM - Save Script: Version 12.5.0.3.1012 User oats
10/06/2017 17:05:18 PM - Save Script: Version 12.5.0.3.1012 User oats
10/06/2017 17:25:22 PM - Upgrade Script Results: Successfully upgraded script results.
10/06/2017 18:36:12 PM - Upgrade Script Results: Successfully upgraded script results.
10/06/2017 18:48:36 PM - Save Script: Version 12.5.0.3.1012 User oats
10/06/2017 19:02:00 PM - Save Script: Version 12.5.0.3.1012 User oats
10/06/2017 19:23:11 PM - Save Script: Version 12.5.0.3.1012 User oats
10/06/2017 19:24:36 PM - Save Script: Version 12.5.0.3.1012 User oats
10/06/2017 20:11:57 PM - Save Script: Version 12.5.0.3.1012 User oats
10/06/2017 21:52:48 PM - Save Script: Version 12.5.0.3.1012 User oats
10/06/2017 22:29:36 PM - Save Script: Version 12.5.0.3.1012 User oats
10/06/2017 22:32:19 PM - Save Script: Version 12.5.0.3.1012 User oats
10/06/2017 22:32:35 PM - Save Script: Version 12.5.0.3.1012 User oats
10/06/2017 22:34:04 PM - Save Script: Version 12.5.0.3.1012 User oats
10/07/2017 13:14:56 PM - Upgrade Script Results: Successfully upgraded script results.
10/09/2017 10:09:44 AM - Save Script: Version 12.5.0.3.1012 User oats
10/09/2017 10:13:00 AM - Save Script: Version 12.5.0.3.1012 User oats
10/09/2017 10:14:47 AM - Save Script: Version 12.5.0.3.1012 User oats
10/09/2017 10:22:53 AM - Upgrade Script Results: Successfully upgraded script results.
10/09/2017 11:07:53 AM - Launch Browser: IE version 9.10.9200.17609
10/09/2017 11:10:25 AM - Save Script: Version 12.5.0.3.1012 User oats
10/09/2017 11:11:04 AM - Save Script: Version 12.5.0.3.1012 User oats
10/09/2017 11:15:38 AM - Save Script: Version 12.5.0.3.1012 User oats
10/09/2017 11:16:59 AM - Save Script: Version 12.5.0.3.1012 User oats
10/09/2017 11:17:20 AM - Save Script: Version 12.5.0.3.1012 User oats
10/09/2017 11:29:46 AM - Save Script: Version 12.5.0.3.1012 User oats
10/09/2017 16:38:11 PM - Save Script: Version 12.5.0.3.1012 User oats
10/09/2017 16:38:18 PM - Save Script: Version 12.5.0.3.1012 User oats
10/09/2017 16:38:59 PM - Save Script: Version 12.5.0.3.1012 User oats
10/09/2017 16:46:07 PM - Upgrade Script Results: Successfully upgraded script results.
10/10/2017 09:37:52 AM - Save Script: Version 12.5.0.3.1012 User oats
10/10/2017 09:38:11 AM - Save Script: Version 12.5.0.3.1012 User oats
10/10/2017 10:04:43 AM - Save Script: Version 12.5.0.3.1012 User oats
10/10/2017 10:13:48 AM - Save Script: Version 12.5.0.3.1012 User oats
10/10/2017 10:22:06 AM - Launch Browser: IE version 9.10.9200.17609
10/10/2017 10:23:04 AM - Save Script: Version 12.5.0.3.1012 User oats
10/10/2017 10:26:04 AM - Save Script: Version 12.5.0.3.1012 User oats
10/16/2017 10:10:45 AM - Upgrade Script Results: Successfully upgraded script results.
10/16/2017 13:59:54 PM - Upgrade Script Results: Successfully upgraded script results.