9/27/2017 10:12:07 AM - Save Script: Version 12.5.0.3.1012 User oats
9/27/2017 10:12:31 AM - Save Script: Version 12.5.0.3.1012 User oats
9/27/2017 10:12:46 AM - Save Script: Version 12.5.0.3.1012 User oats
9/27/2017 10:12:56 AM - Save Script: Version 12.5.0.3.1012 User oats
9/27/2017 10:15:17 AM - Save Script: Version 12.5.0.3.1012 User oats
9/27/2017 10:15:49 AM - Save Script: Version 12.5.0.3.1012 User oats
9/27/2017 10:15:58 AM - Save Script: Version 12.5.0.3.1012 User oats
9/27/2017 10:21:24 AM - Save Script: Version 12.5.0.3.1012 User oats
9/27/2017 10:21:54 AM - Save Script: Version 12.5.0.3.1012 User oats
9/27/2017 10:39:12 AM - Save Script: Version 12.5.0.3.1012 User oats
9/27/2017 10:42:51 AM - Upgrade Script Results: Successfully upgraded script results.
9/27/2017 10:46:43 AM - Save Script: Version 12.5.0.3.1012 User oats
9/27/2017 12:26:57 PM - Save Script: Version 12.5.0.3.1012 User oats
9/27/2017 12:27:44 PM - Save Script: Version 12.5.0.3.1012 User oats
9/27/2017 12:28:30 PM - Save Script: Version 12.5.0.3.1012 User oats
9/27/2017 12:45:39 PM - Save Script: Version 12.5.0.3.1012 User oats
9/27/2017 12:51:04 PM - Launch Browser: IE version 9.10.9200.17457
9/27/2017 12:54:48 PM - Save Script: Version 12.5.0.3.1012 User oats
9/27/2017 12:56:05 PM - Save Script: Version 12.5.0.3.1012 User oats
9/27/2017 12:56:15 PM - Save Script: Version 12.5.0.3.1012 User oats
9/27/2017 13:24:58 PM - Save Script: Version 12.5.0.3.1012 User oats
9/27/2017 13:26:04 PM - Save Script: Version 12.5.0.3.1012 User oats
9/27/2017 13:26:30 PM - Launch Browser: IE version 9.10.9200.17457
9/27/2017 13:27:47 PM - Save Script: Version 12.5.0.3.1012 User oats
9/27/2017 13:30:00 PM - Save Script: Version 12.5.0.3.1012 User oats
9/27/2017 13:35:59 PM - Save Script: Version 12.5.0.3.1012 User oats
9/27/2017 13:37:32 PM - Launch Browser: IE version 9.10.9200.17457
9/27/2017 13:44:38 PM - Save Script: Version 12.5.0.3.1012 User oats
9/27/2017 13:44:44 PM - Save Script: Version 12.5.0.3.1012 User oats
9/27/2017 13:50:04 PM - Save Script: Version 12.5.0.3.1012 User oats
9/27/2017 14:02:22 PM - Save Script: Version 12.5.0.3.1012 User oats
9/27/2017 14:21:11 PM - Save Script: Version 12.5.0.3.1012 User oats
9/27/2017 15:34:48 PM - Save Script: Version 12.5.0.3.1012 User oats
9/27/2017 16:15:27 PM - Save Script: Version 12.5.0.3.1012 User oats
9/27/2017 16:24:54 PM - Upgrade Script Results: Successfully upgraded script results.
9/27/2017 18:41:01 PM - Save Script: Version 12.5.0.3.1012 User oats
9/27/2017 18:47:06 PM - Save Script: Version 12.5.0.3.1012 User oats
9/27/2017 18:52:08 PM - Save Script: Version 12.5.0.3.1012 User oats
9/28/2017 09:38:54 AM - Upgrade Script Results: Successfully upgraded script results.
9/28/2017 10:53:19 AM - Save Script: Version 12.5.0.3.1012 User oats
9/28/2017 11:03:10 AM - Save Script: Version 12.5.0.3.1012 User oats
9/28/2017 11:08:01 AM - Save Script: Version 12.5.0.3.1012 User oats
9/28/2017 11:20:28 AM - Save Script: Version 12.5.0.3.1012 User oats
9/28/2017 11:21:22 AM - Save Script: Version 12.5.0.3.1012 User oats
9/28/2017 15:48:15 PM - Save Script: Version 12.5.0.3.1012 User oats
9/28/2017 16:37:05 PM - Save Script: Version 12.5.0.3.1012 User oats
9/28/2017 16:42:31 PM - Save Script: Version 12.5.0.3.1012 User oats
9/28/2017 16:42:55 PM - Save Script: Version 12.5.0.3.1012 User oats
9/28/2017 16:47:30 PM - Save Script: Version 12.5.0.3.1012 User oats
9/28/2017 16:51:49 PM - Save Script: Version 12.5.0.3.1012 User oats
9/28/2017 17:09:13 PM - Save Script: Version 12.5.0.3.1012 User oats
9/28/2017 17:13:14 PM - Save Script: Version 12.5.0.3.1012 User oats
9/28/2017 17:13:53 PM - Save Script: Version 12.5.0.3.1012 User oats
9/28/2017 17:18:00 PM - Save Script: Version 12.5.0.3.1012 User oats
9/28/2017 17:18:27 PM - Save Script: Version 12.5.0.3.1012 User oats
9/28/2017 17:25:10 PM - Save Script: Version 12.5.0.3.1012 User oats
9/28/2017 17:26:45 PM - Save Script: Version 12.5.0.3.1012 User oats
9/28/2017 17:31:43 PM - Save Script: Version 12.5.0.3.1012 User oats
10/02/2017 10:40:17 AM - Upgrade Script Results: Successfully upgraded script results.
10/02/2017 12:13:38 PM - Save Script: Version 12.5.0.3.1012 User oats
10/02/2017 12:50:16 PM - Save Script: Version 12.5.0.3.1012 User oats
10/02/2017 12:55:35 PM - Save Script: Version 12.5.0.3.1012 User oats
10/02/2017 15:45:31 PM - Save Script: Version 12.5.0.3.1012 User oats
10/02/2017 15:45:40 PM - Save Script: Version 12.5.0.3.1012 User oats
10/02/2017 17:12:10 PM - Save Script: Version 12.5.0.3.1012 User oats
10/02/2017 17:38:31 PM - Save Script: Version 12.5.0.3.1012 User oats
10/02/2017 17:43:17 PM - Save Script: Version 12.5.0.3.1012 User oats
10/02/2017 17:44:46 PM - Upgrade Script Results: Successfully upgraded script results.
10/05/2017 17:44:09 PM - Upgrade Script Results: Successfully upgraded script results.
10/06/2017 09:09:44 AM - Upgrade Script Results: Successfully upgraded script results.
10/06/2017 12:06:08 PM - Upgrade Script Results: Successfully upgraded script results.
10/06/2017 16:55:05 PM - Upgrade Script Results: Successfully upgraded script results.
10/26/2017 16:49:44 PM - Save Script: Version 12.5.0.3.1012 User oats
10/26/2017 16:50:15 PM - Save Script: Version 12.5.0.3.1012 User oats
10/26/2017 16:51:11 PM - Save Script: Version 12.5.0.3.1012 User oats