9/07/2017 15:49:24 PM - Save Script: Version 12.5.0.3.1012 User oats
9/07/2017 15:50:03 PM - Save Script: Version 12.5.0.3.1012 User oats
9/07/2017 15:50:20 PM - Launch Browser: IE version 8.0.7601.17514
9/07/2017 16:01:08 PM - Save Script: Version 12.5.0.3.1012 User oats
9/07/2017 16:03:07 PM - Save Script: Version 12.5.0.3.1012 User oats
9/07/2017 16:04:58 PM - Save Script: Version 12.5.0.3.1012 User oats
9/07/2017 16:06:52 PM - Save Script: Version 12.5.0.3.1012 User oats
9/07/2017 16:17:45 PM - Save Script: Version 12.5.0.3.1012 User oats
9/07/2017 16:24:15 PM - Save Script: Version 12.5.0.3.1012 User oats
9/07/2017 16:24:34 PM - Save Script: Version 12.5.0.3.1012 User oats
9/07/2017 16:35:06 PM - Save Script: Version 12.5.0.3.1012 User oats
9/07/2017 16:35:54 PM - Save Script: Version 12.5.0.3.1012 User oats
9/07/2017 16:36:29 PM - Save Script: Version 12.5.0.3.1012 User oats
9/07/2017 16:36:54 PM - Save Script: Version 12.5.0.3.1012 User oats
9/07/2017 17:12:33 PM - Save Script: Version 12.5.0.3.1012 User oats
9/07/2017 17:16:44 PM - Save Script: Version 12.5.0.3.1012 User oats
9/07/2017 17:19:23 PM - Save Script: Version 12.5.0.3.1012 User oats
9/07/2017 17:21:32 PM - Save Script: Version 12.5.0.3.1012 User oats
9/07/2017 17:22:37 PM - Save Script: Version 12.5.0.3.1012 User oats
9/07/2017 17:23:30 PM - Save Script: Version 12.5.0.3.1012 User oats
9/07/2017 17:24:47 PM - Save Script: Version 12.5.0.3.1012 User oats
9/07/2017 17:25:59 PM - Save Script: Version 12.5.0.3.1012 User oats
9/07/2017 17:26:09 PM - Save Script: Version 12.5.0.3.1012 User oats
9/07/2017 17:26:49 PM - Save Script: Version 12.5.0.3.1012 User oats
9/07/2017 17:27:17 PM - Save Script: Version 12.5.0.3.1012 User oats
9/07/2017 17:28:06 PM - Save Script: Version 12.5.0.3.1012 User oats
9/07/2017 17:28:24 PM - Save Script: Version 12.5.0.3.1012 User oats
9/07/2017 17:29:13 PM - Save Script: Version 12.5.0.3.1012 User oats
9/07/2017 17:30:07 PM - Save Script: Version 12.5.0.3.1012 User oats
9/07/2017 17:43:09 PM - Upgrade Script Results: Successfully upgraded script results.
9/07/2017 17:45:17 PM - Save Script: Version 12.5.0.3.1012 User oats
9/08/2017 09:25:02 AM - Upgrade Script Results: Successfully upgraded script results.
9/08/2017 09:37:50 AM - Upgrade Script Results: Successfully upgraded script results.
9/08/2017 09:49:52 AM - Launch Browser: IE version 8.0.7601.17514
9/08/2017 10:26:16 AM - Save Script: Version 12.5.0.3.1012 User oats
9/08/2017 10:30:01 AM - Launch Browser: IE version 8.0.7601.17514
9/08/2017 10:32:43 AM - Save Script: Version 12.5.0.3.1012 User oats
9/08/2017 10:33:10 AM - Save Script: Version 12.5.0.3.1012 User oats
9/08/2017 10:46:40 AM - Save Script: Version 12.5.0.3.1012 User oats
9/08/2017 10:48:30 AM - Save Script: Version 12.5.0.3.1012 User oats
9/08/2017 10:48:56 AM - Save Script: Version 12.5.0.3.1012 User oats
9/08/2017 10:49:15 AM - Save Script: Version 12.5.0.3.1012 User oats
9/08/2017 10:52:36 AM - Save Script: Version 12.5.0.3.1012 User oats
9/08/2017 10:52:59 AM - Save Script: Version 12.5.0.3.1012 User oats
9/08/2017 10:58:10 AM - Save Script: Version 12.5.0.3.1012 User oats
9/08/2017 11:17:36 AM - Save Script: Version 12.5.0.3.1012 User oats
9/08/2017 11:30:16 AM - Upgrade Script Results: Successfully upgraded script results.
9/08/2017 11:59:04 AM - Save Script: Version 12.5.0.3.1012 User oats
9/08/2017 11:59:28 AM - Save Script: Version 12.5.0.3.1012 User oats
9/08/2017 12:27:20 PM - Save Script: Version 12.5.0.3.1012 User oats
9/08/2017 12:32:55 PM - Save Script: Version 12.5.0.3.1012 User oats
9/08/2017 12:36:25 PM - Save Script: Version 12.5.0.3.1012 User oats
9/08/2017 12:37:27 PM - Save Script: Version 12.5.0.3.1012 User oats
9/08/2017 13:35:32 PM - Save Script: Version 12.5.0.3.1012 User oats
9/08/2017 15:15:28 PM - Upgrade Script Results: Successfully upgraded script results.
9/08/2017 15:18:37 PM - Save Script: Version 12.5.0.3.1012 User oats
9/08/2017 15:19:01 PM - Save Script: Version 12.5.0.3.1012 User oats
9/08/2017 15:37:31 PM - Save Script: Version 12.5.0.3.1012 User oats
9/08/2017 15:37:57 PM - Save Script: Version 12.5.0.3.1012 User oats
9/08/2017 15:39:15 PM - Save Script: Version 12.5.0.3.1012 User oats
9/08/2017 16:23:14 PM - Save Script: Version 12.5.0.3.1012 User oats
9/08/2017 16:40:28 PM - Save Script: Version 12.5.0.3.1012 User oats
9/25/2017 08:57:51 AM - Save Script: Version 12.5.0.3.1012 User oats
9/25/2017 15:32:23 PM - Save Script: Version 12.5.0.3.1012 User oats
9/25/2017 16:00:13 PM - Save Script: Version 12.5.0.3.1012 User oats
9/25/2017 16:00:28 PM - Save Script: Version 12.5.0.3.1012 User oats
9/25/2017 16:02:03 PM - Save Script: Version 12.5.0.3.1012 User oats
9/25/2017 16:02:25 PM - Save Script: Version 12.5.0.3.1012 User oats
9/25/2017 16:14:26 PM - Save Script: Version 12.5.0.3.1012 User oats
9/25/2017 16:15:56 PM - Save Script: Version 12.5.0.3.1012 User oats
9/25/2017 16:20:22 PM - Save Script: Version 12.5.0.3.1012 User oats
9/25/2017 16:20:38 PM - Save Script: Version 12.5.0.3.1012 User oats
9/25/2017 16:22:15 PM - Save Script: Version 12.5.0.3.1012 User oats
9/25/2017 16:28:56 PM - Save Script: Version 12.5.0.3.1012 User oats
9/25/2017 16:32:07 PM - Save Script: Version 12.5.0.3.1012 User oats
9/25/2017 16:38:11 PM - Save Script: Version 12.5.0.3.1012 User oats
9/25/2017 16:38:54 PM - Save Script: Version 12.5.0.3.1012 User oats
9/25/2017 16:40:13 PM - Save Script: Version 12.5.0.3.1012 User oats
9/25/2017 16:41:55 PM - Save Script: Version 12.5.0.3.1012 User oats
9/25/2017 16:48:16 PM - Save Script: Version 12.5.0.3.1012 User oats
9/25/2017 16:48:26 PM - Save Script: Version 12.5.0.3.1012 User oats
9/25/2017 16:52:26 PM - Save Script: Version 12.5.0.3.1012 User oats
9/25/2017 16:52:47 PM - Save Script: Version 12.5.0.3.1012 User oats
9/25/2017 17:01:16 PM - Save Script: Version 12.5.0.3.1012 User oats
9/25/2017 17:05:23 PM - Save Script: Version 12.5.0.3.1012 User oats
9/25/2017 17:10:50 PM - Save Script: Version 12.5.0.3.1012 User oats
9/25/2017 17:11:40 PM - Save Script: Version 12.5.0.3.1012 User oats
9/25/2017 17:12:10 PM - Save Script: Version 12.5.0.3.1012 User oats
9/25/2017 17:20:46 PM - Save Script: Version 12.5.0.3.1012 User oats
9/25/2017 17:21:53 PM - Save Script: Version 12.5.0.3.1012 User oats
9/25/2017 17:28:55 PM - Save Script: Version 12.5.0.3.1012 User oats
9/25/2017 17:38:32 PM - Save Script: Version 12.5.0.3.1012 User oats
9/25/2017 17:40:40 PM - Save Script: Version 12.5.0.3.1012 User oats
9/25/2017 17:57:55 PM - Save Script: Version 12.5.0.3.1012 User oats
9/25/2017 18:09:26 PM - Save Script: Version 12.5.0.3.1012 User oats
9/25/2017 18:19:24 PM - Save Script: Version 12.5.0.3.1012 User oats
9/26/2017 09:42:21 AM - Save Script: Version 12.5.0.3.1012 User oats
9/26/2017 10:11:19 AM - Save Script: Version 12.5.0.3.1012 User oats
9/26/2017 10:11:55 AM - Save Script: Version 12.5.0.3.1012 User oats
9/26/2017 10:12:55 AM - Save Script: Version 12.5.0.3.1012 User oats
9/26/2017 10:13:28 AM - Save Script: Version 12.5.0.3.1012 User oats
9/26/2017 10:19:22 AM - Launch Browser: IE version 8.0.7601.17514
9/26/2017 10:20:16 AM - Save Script: Version 12.5.0.3.1012 User oats
9/26/2017 10:30:57 AM - Save Script: Version 12.5.0.3.1012 User oats
9/26/2017 10:49:25 AM - Save Script: Version 12.5.0.3.1012 User oats
10/23/2017 15:34:51 PM - Save Script: Version 12.5.0.3.1012 User oats
10/23/2017 15:51:50 PM - Launch Browser: IE version 9.10.9200.17609
10/23/2017 15:56:08 PM - Save Script: Version 12.5.0.3.1012 User oats
10/23/2017 16:07:28 PM - Save Script: Version 12.5.0.3.1012 User oats
10/23/2017 16:07:51 PM - Save Script: Version 12.5.0.3.1012 User oats
10/23/2017 16:08:08 PM - Save Script: Version 12.5.0.3.1012 User oats
10/23/2017 16:08:21 PM - Save Script: Version 12.5.0.3.1012 User oats
10/23/2017 16:08:35 PM - Save Script: Version 12.5.0.3.1012 User oats
10/23/2017 16:09:27 PM - Save Script: Version 12.5.0.3.1012 User oats
10/23/2017 16:15:39 PM - Save Script: Version 12.5.0.3.1012 User oats
10/23/2017 16:18:50 PM - Save Script: Version 12.5.0.3.1012 User oats
10/23/2017 16:19:21 PM - Save Script: Version 12.5.0.3.1012 User oats
10/23/2017 16:19:33 PM - Save Script: Version 12.5.0.3.1012 User oats
10/23/2017 16:20:11 PM - Save Script: Version 12.5.0.3.1012 User oats
10/23/2017 16:20:39 PM - Save Script: Version 12.5.0.3.1012 User oats
10/23/2017 16:22:29 PM - Save Script: Version 12.5.0.3.1012 User oats
10/23/2017 16:34:35 PM - Save Script: Version 12.5.0.3.1012 User oats
10/23/2017 18:21:50 PM - Save Script: Version 12.5.0.3.1012 User oats
10/23/2017 18:24:20 PM - Save Script: Version 12.5.0.3.1012 User oats
10/23/2017 18:28:10 PM - Save Script: Version 12.5.0.3.1012 User oats
10/23/2017 18:33:45 PM - Save Script: Version 12.5.0.3.1012 User oats
10/23/2017 18:42:11 PM - Save Script: Version 12.5.0.3.1012 User oats
10/23/2017 19:46:26 PM - Save Script: Version 12.5.0.3.1012 User oats
10/23/2017 19:46:44 PM - Save Script: Version 12.5.0.3.1012 User oats
10/23/2017 19:46:56 PM - Save Script: Version 12.5.0.3.1012 User oats
10/23/2017 19:47:04 PM - Save Script: Version 12.5.0.3.1012 User oats
10/23/2017 19:47:16 PM - Save Script: Version 12.5.0.3.1012 User oats
10/23/2017 19:54:33 PM - Save Script: Version 12.5.0.3.1012 User oats
10/23/2017 20:03:33 PM - Save Script: Version 12.5.0.3.1012 User oats
10/23/2017 20:04:52 PM - Save Script: Version 12.5.0.3.1012 User oats