8/25/2017 11:31:48 AM - Save Script: Version 12.5.0.3.1012 User oats
8/25/2017 11:39:19 AM - Save Script: Version 12.5.0.3.1012 User oats
8/25/2017 11:54:09 AM - Launch Browser: IE version 9.11.9600.17843
8/25/2017 12:00:14 PM - Save Script: Version 12.5.0.3.1012 User oats
8/25/2017 12:34:14 PM - Save Script: Version 12.5.0.3.1012 User oats
8/25/2017 14:42:22 PM - Save Script: Version 12.5.0.3.1012 User oats
8/28/2017 09:27:19 AM - Save Script: Version 12.5.0.3.1012 User oats
8/28/2017 09:29:15 AM - Save Script: Version 12.5.0.3.1012 User oats
8/28/2017 09:34:49 AM - Save Script: Version 12.5.0.3.1012 User oats
8/28/2017 09:41:21 AM - Save Script: Version 12.5.0.3.1012 User oats
8/28/2017 09:43:26 AM - Save Script: Version 12.5.0.3.1012 User oats
8/28/2017 09:43:34 AM - Save Script: Version 12.5.0.3.1012 User oats
8/28/2017 09:45:19 AM - Save Script: Version 12.5.0.3.1012 User oats
8/28/2017 09:51:32 AM - Save Script: Version 12.5.0.3.1012 User oats
8/28/2017 09:57:07 AM - Save Script: Version 12.5.0.3.1012 User oats
8/28/2017 10:28:57 AM - Save Script: Version 12.5.0.3.1012 User oats
8/28/2017 10:33:31 AM - Save Script: Version 12.5.0.3.1012 User oats
8/28/2017 10:35:14 AM - Save Script: Version 12.5.0.3.1012 User oats
8/28/2017 11:46:04 AM - Save Script: Version 12.5.0.3.1012 User oats
8/31/2017 18:13:04 PM - Save Script: Version 12.5.0.3.1012 User oats
10/27/2017 10:40:04 AM - Save Script: Version 12.5.0.3.1012 User oats
10/27/2017 10:40:46 AM - Save Script: Version 12.5.0.3.1012 User oats
10/27/2017 10:42:28 AM - Save Script: Version 12.5.0.3.1012 User oats
10/27/2017 10:42:54 AM - Save Script: Version 12.5.0.3.1012 User oats
10/27/2017 10:43:24 AM - Save Script: Version 12.5.0.3.1012 User oats
10/27/2017 11:12:39 AM - Save Script: Version 12.5.0.3.1012 User oats
10/27/2017 11:25:58 AM - Save Script: Version 12.5.0.3.1012 User oats
10/27/2017 13:35:34 PM - Upgrade Script Results: Successfully upgraded script results.
10/27/2017 13:42:57 PM - Upgrade Script Results: Successfully upgraded script results.
10/30/2017 09:36:07 AM - Upgrade Script Results: Successfully upgraded script results.
10/30/2017 10:18:20 AM - Upgrade Script Results: Successfully upgraded script results.
10/30/2017 11:00:02 AM - Upgrade Script Results: Successfully upgraded script results.
10/30/2017 11:18:12 AM - Upgrade Script Results: Successfully upgraded script results.
10/30/2017 11:25:30 AM - Upgrade Script Results: Successfully upgraded script results.
10/30/2017 13:45:22 PM - Upgrade Script Results: Successfully upgraded script results.
10/30/2017 13:53:28 PM - Upgrade Script Results: Successfully upgraded script results.
10/30/2017 14:03:57 PM - Upgrade Script Results: Successfully upgraded script results.
10/30/2017 14:10:24 PM - Upgrade Script Results: Successfully upgraded script results.
10/30/2017 14:18:26 PM - Upgrade Script Results: Successfully upgraded script results.
10/30/2017 14:19:54 PM - Upgrade Script Results: Successfully upgraded script results.
10/30/2017 14:28:47 PM - Upgrade Script Results: Successfully upgraded script results.
10/30/2017 15:06:41 PM - Upgrade Script Results: Successfully upgraded script results.