10/10/2017 12:31:56 PM - Save Script: Version 12.5.0.3.1012 User oats
10/10/2017 12:32:00 PM - Launch Browser: IE version 9.10.9200.17609
10/16/2017 12:22:30 PM - Launch Browser: IE version 9.10.9200.17609
10/16/2017 12:34:11 PM - Save Script: Version 12.5.0.3.1012 User oats
10/16/2017 12:37:45 PM - Save Script: Version 12.5.0.3.1012 User oats
10/16/2017 12:38:13 PM - Launch Browser: IE version 9.10.9200.17609
10/16/2017 12:39:31 PM - Launch Browser: IE version 9.10.9200.17609
10/16/2017 12:45:43 PM - Save Script: Version 12.5.0.3.1012 User oats
10/16/2017 13:12:29 PM - Save Script: Version 12.5.0.3.1012 User oats
10/16/2017 13:12:43 PM - Save Script: Version 12.5.0.3.1012 User oats
10/16/2017 13:13:14 PM - Save Script: Version 12.5.0.3.1012 User oats
10/16/2017 13:20:55 PM - Save Script: Version 12.5.0.3.1012 User oats
10/16/2017 13:50:06 PM - Save Script: Version 12.5.0.3.1012 User oats
10/16/2017 13:50:16 PM - Save Script: Version 12.5.0.3.1012 User oats
10/16/2017 13:53:07 PM - Save Script: Version 12.5.0.3.1012 User oats
10/16/2017 13:55:39 PM - Save Script: Version 12.5.0.3.1012 User oats
10/16/2017 13:56:07 PM - Save Script: Version 12.5.0.3.1012 User oats
10/16/2017 13:56:19 PM - Save Script: Version 12.5.0.3.1012 User oats
10/16/2017 14:20:08 PM - Save Script: Version 12.5.0.3.1012 User oats
10/16/2017 14:20:14 PM - Launch Browser: IE version 9.10.9200.17609
10/16/2017 14:25:56 PM - Save Script: Version 12.5.0.3.1012 User oats
10/16/2017 14:29:01 PM - Save Script: Version 12.5.0.3.1012 User oats
10/16/2017 14:30:18 PM - Save Script: Version 12.5.0.3.1012 User oats
10/16/2017 14:31:30 PM - Save Script: Version 12.5.0.3.1012 User oats
10/16/2017 14:40:35 PM - Save Script: Version 12.5.0.3.1012 User oats
10/16/2017 15:01:19 PM - Save Script: Version 12.5.0.3.1012 User oats
10/16/2017 15:01:26 PM - Save Script: Version 12.5.0.3.1012 User oats
10/16/2017 15:02:22 PM - Save Script: Version 12.5.0.3.1012 User oats
10/16/2017 15:06:32 PM - Save Script: Version 12.5.0.3.1012 User oats
10/16/2017 15:17:07 PM - Save Script: Version 12.5.0.3.1012 User oats
10/16/2017 16:59:36 PM - Save Script: Version 12.5.0.3.1012 User oats
10/16/2017 17:00:56 PM - Save Script: Version 12.5.0.3.1012 User oats
10/16/2017 17:06:18 PM - Save Script: Version 12.5.0.3.1012 User oats
10/16/2017 18:27:08 PM - Launch Browser: IE version 9.10.9200.17609
10/16/2017 18:55:37 PM - Save Script: Version 12.5.0.3.1012 User oats
10/16/2017 19:19:26 PM - Save Script: Version 12.5.0.3.1012 User oats
10/16/2017 19:19:41 PM - Save Script: Version 12.5.0.3.1012 User oats
10/16/2017 19:20:02 PM - Save Script: Version 12.5.0.3.1012 User oats
10/16/2017 19:21:17 PM - Launch Browser: IE version 9.10.9200.17609
10/16/2017 19:22:13 PM - Launch Browser: IE version 9.10.9200.17609
10/16/2017 19:36:35 PM - Save Script: Version 12.5.0.3.1012 User oats
10/17/2017 08:24:26 AM - Upgrade Script Results: Successfully upgraded script results.
10/17/2017 09:16:35 AM - Save Script: Version 12.5.0.3.1012 User oats
10/17/2017 09:20:30 AM - Save Script: Version 12.5.0.3.1012 User oats
10/17/2017 09:25:29 AM - Save Script: Version 12.5.0.3.1012 User oats
10/17/2017 09:26:00 AM - Save Script: Version 12.5.0.3.1012 User oats
10/17/2017 09:26:32 AM - Save Script: Version 12.5.0.3.1012 User oats
10/17/2017 09:42:24 AM - Save Script: Version 12.5.0.3.1012 User oats
10/17/2017 09:48:56 AM - Save Script: Version 12.5.0.3.1012 User oats
10/17/2017 09:54:12 AM - Save Script: Version 12.5.0.3.1012 User oats
10/17/2017 09:54:29 AM - Save Script: Version 12.5.0.3.1012 User oats
10/17/2017 09:54:40 AM - Save Script: Version 12.5.0.3.1012 User oats
10/17/2017 10:02:13 AM - Save Script: Version 12.5.0.3.1012 User oats
10/17/2017 10:14:11 AM - Save Script: Version 12.5.0.3.1012 User oats
10/17/2017 10:14:55 AM - Save Script: Version 12.5.0.3.1012 User oats
10/17/2017 10:15:41 AM - Save Script: Version 12.5.0.3.1012 User oats
10/17/2017 10:16:42 AM - Save Script: Version 12.5.0.3.1012 User oats
10/17/2017 10:17:02 AM - Save Script: Version 12.5.0.3.1012 User oats
10/17/2017 10:17:21 AM - Save Script: Version 12.5.0.3.1012 User oats
10/17/2017 10:18:28 AM - Save Script: Version 12.5.0.3.1012 User oats
10/17/2017 10:19:14 AM - Save Script: Version 12.5.0.3.1012 User oats
10/17/2017 10:19:49 AM - Save Script: Version 12.5.0.3.1012 User oats
10/17/2017 10:28:53 AM - Save Script: Version 12.5.0.3.1012 User oats
10/17/2017 10:34:16 AM - Launch Browser: IE version 9.10.9200.17609
10/17/2017 10:37:40 AM - Save Script: Version 12.5.0.3.1012 User oats
10/17/2017 10:38:43 AM - Save Script: Version 12.5.0.3.1012 User oats
10/17/2017 10:49:50 AM - Save Script: Version 12.5.0.3.1012 User oats
10/17/2017 15:58:17 PM - Upgrade Script Results: Successfully upgraded script results.
10/18/2017 15:06:33 PM - Save Script: Version 12.5.0.3.1012 User oats
10/18/2017 15:06:47 PM - Save Script: Version 12.5.0.3.1012 User oats
10/18/2017 15:51:28 PM - Save Script: Version 12.5.0.3.1012 User oats