9/07/2017 15:42:27 PM - Save Script: Version 12.5.0.3.1012 User oats
9/07/2017 15:43:11 PM - Save Script: Version 12.5.0.3.1012 User oats
9/07/2017 15:44:43 PM - Save Script: Version 12.5.0.3.1012 User oats
9/07/2017 15:46:41 PM - Save Script: Version 12.5.0.3.1012 User oats
9/08/2017 10:37:21 AM - Launch Browser: IE version 8.0.7601.17514
9/08/2017 10:37:39 AM - Save Script: Version 12.5.0.3.1012 User oats
9/19/2017 15:38:13 PM - Save Script: Version 12.5.0.3.1012 User oats
9/19/2017 15:38:31 PM - Save Script: Version 12.5.0.3.1012 User oats
9/19/2017 15:42:47 PM - Save Script: Version 12.5.0.3.1012 User oats
9/19/2017 15:43:29 PM - Save Script: Version 12.5.0.3.1012 User oats
9/19/2017 15:51:16 PM - Save Script: Version 12.5.0.3.1012 User oats
9/19/2017 15:52:26 PM - Save Script: Version 12.5.0.3.1012 User oats
9/19/2017 15:52:58 PM - Save Script: Version 12.5.0.3.1012 User oats
9/19/2017 15:53:27 PM - Save Script: Version 12.5.0.3.1012 User oats
9/19/2017 15:53:39 PM - Save Script: Version 12.5.0.3.1012 User oats
9/19/2017 15:54:22 PM - Save Script: Version 12.5.0.3.1012 User oats
9/19/2017 16:02:15 PM - Save Script: Version 12.5.0.3.1012 User oats
9/19/2017 16:03:06 PM - Save Script: Version 12.5.0.3.1012 User oats
9/19/2017 16:27:57 PM - Save Script: Version 12.5.0.3.1012 User oats
9/19/2017 16:31:23 PM - Save Script: Version 12.5.0.3.1012 User oats
9/19/2017 16:31:51 PM - Save Script: Version 12.5.0.3.1012 User oats
9/19/2017 16:32:51 PM - Save Script: Version 12.5.0.3.1012 User oats
9/19/2017 16:48:32 PM - Save Script: Version 12.5.0.3.1012 User oats
9/19/2017 16:50:53 PM - Save Script: Version 12.5.0.3.1012 User oats
9/19/2017 17:00:06 PM - Save Script: Version 12.5.0.3.1012 User oats
9/19/2017 17:01:28 PM - Save Script: Version 12.5.0.3.1012 User oats
9/19/2017 17:02:42 PM - Save Script: Version 12.5.0.3.1012 User oats
9/19/2017 17:06:09 PM - Save Script: Version 12.5.0.3.1012 User oats
9/19/2017 17:16:57 PM - Upgrade Script Results: Successfully upgraded script results.
9/19/2017 17:42:26 PM - Save Script: Version 12.5.0.3.1012 User oats
9/19/2017 18:04:59 PM - Upgrade Script Results: Successfully upgraded script results.
9/19/2017 18:32:36 PM - Launch Browser: IE version 8.0.7601.17514
9/19/2017 18:34:25 PM - Save Script: Version 12.5.0.3.1012 User oats
9/19/2017 18:47:29 PM - Save Script: Version 12.5.0.3.1012 User oats
9/19/2017 18:48:04 PM - Save Script: Version 12.5.0.3.1012 User oats
9/19/2017 18:54:23 PM - Save Script: Version 12.5.0.3.1012 User oats
9/19/2017 18:54:33 PM - Save Script: Version 12.5.0.3.1012 User oats
9/19/2017 18:54:51 PM - Save Script: Version 12.5.0.3.1012 User oats
9/19/2017 18:55:01 PM - Save Script: Version 12.5.0.3.1012 User oats
9/19/2017 19:00:36 PM - Save Script: Version 12.5.0.3.1012 User oats
9/19/2017 19:00:53 PM - Save Script: Version 12.5.0.3.1012 User oats
9/19/2017 19:01:21 PM - Save Script: Version 12.5.0.3.1012 User oats
9/19/2017 19:01:27 PM - Save Script: Version 12.5.0.3.1012 User oats
9/19/2017 19:01:45 PM - Save Script: Version 12.5.0.3.1012 User oats
9/19/2017 19:03:07 PM - Save Script: Version 12.5.0.3.1012 User oats
9/19/2017 19:04:02 PM - Save Script: Version 12.5.0.3.1012 User oats
9/19/2017 19:09:32 PM - Launch Browser: IE version 8.0.7601.17514
9/19/2017 19:10:20 PM - Save Script: Version 12.5.0.3.1012 User oats
9/19/2017 19:10:43 PM - Save Script: Version 12.5.0.3.1012 User oats
9/19/2017 19:13:35 PM - Save Script: Version 12.5.0.3.1012 User oats
9/19/2017 19:14:42 PM - Save Script: Version 12.5.0.3.1012 User oats
9/19/2017 19:18:59 PM - Upgrade Script Results: Successfully upgraded script results.
9/19/2017 19:19:19 PM - Upgrade Script Results: Successfully upgraded script results.
9/19/2017 19:19:55 PM - Save Script: Version 12.5.0.3.1012 User oats
9/20/2017 09:52:47 AM - Upgrade Script Results: Successfully upgraded script results.
9/25/2017 09:01:29 AM - Save Script: Version 12.5.0.3.1012 User oats
9/25/2017 09:02:05 AM - Save Script: Version 12.5.0.3.1012 User oats
9/25/2017 09:04:35 AM - Save Script: Version 12.5.0.3.1012 User oats
9/26/2017 11:34:17 AM - Save Script: Version 12.5.0.3.1012 User oats
9/26/2017 17:04:28 PM - Upgrade Script Results: Successfully upgraded script results.
9/27/2017 09:44:39 AM - Upgrade Script Results: Successfully upgraded script results.
9/27/2017 09:58:24 AM - Upgrade Script Results: Successfully upgraded script results.
10/02/2017 14:25:26 PM - Save Script: Version 12.5.0.3.1012 User oats
10/02/2017 14:42:52 PM - Save Script: Version 12.5.0.3.1012 User oats
10/02/2017 14:45:50 PM - Save Script: Version 12.5.0.3.1012 User oats
10/02/2017 14:53:42 PM - Save Script: Version 12.5.0.3.1012 User oats
10/02/2017 14:54:46 PM - Save Script: Version 12.5.0.3.1012 User oats
10/02/2017 14:56:13 PM - Save Script: Version 12.5.0.3.1012 User oats
10/02/2017 14:56:42 PM - Save Script: Version 12.5.0.3.1012 User oats
10/02/2017 15:07:33 PM - Save Script: Version 12.5.0.3.1012 User oats
10/02/2017 15:14:53 PM - Launch Browser: IE version 9.10.9200.17609
10/02/2017 15:18:10 PM - Save Script: Version 12.5.0.3.1012 User oats
10/02/2017 15:21:24 PM - Save Script: Version 12.5.0.3.1012 User oats
10/02/2017 15:22:53 PM - Save Script: Version 12.5.0.3.1012 User oats
10/02/2017 15:24:07 PM - Save Script: Version 12.5.0.3.1012 User oats
10/02/2017 15:33:59 PM - Save Script: Version 12.5.0.3.1012 User oats
10/02/2017 17:46:23 PM - Save Script: Version 12.5.0.3.1012 User oats
10/02/2017 18:00:03 PM - Save Script: Version 12.5.0.3.1012 User oats
10/02/2017 18:00:13 PM - Save Script: Version 12.5.0.3.1012 User oats
10/02/2017 18:03:36 PM - Save Script: Version 12.5.0.3.1012 User oats