9/07/2017 15:49:24 PM - Save Script: Version 12.5.0.3.1012 User oats
9/07/2017 15:50:03 PM - Save Script: Version 12.5.0.3.1012 User oats
9/07/2017 15:50:20 PM - Launch Browser: IE version 8.0.7601.17514
9/07/2017 16:01:08 PM - Save Script: Version 12.5.0.3.1012 User oats
9/07/2017 16:03:07 PM - Save Script: Version 12.5.0.3.1012 User oats
9/07/2017 16:04:58 PM - Save Script: Version 12.5.0.3.1012 User oats
9/07/2017 16:06:52 PM - Save Script: Version 12.5.0.3.1012 User oats
9/07/2017 16:17:45 PM - Save Script: Version 12.5.0.3.1012 User oats
9/07/2017 16:24:15 PM - Save Script: Version 12.5.0.3.1012 User oats
9/07/2017 16:24:34 PM - Save Script: Version 12.5.0.3.1012 User oats
9/07/2017 16:35:06 PM - Save Script: Version 12.5.0.3.1012 User oats
9/07/2017 16:35:54 PM - Save Script: Version 12.5.0.3.1012 User oats
9/07/2017 16:36:29 PM - Save Script: Version 12.5.0.3.1012 User oats
9/07/2017 16:36:54 PM - Save Script: Version 12.5.0.3.1012 User oats
9/07/2017 17:12:33 PM - Save Script: Version 12.5.0.3.1012 User oats
9/07/2017 17:16:44 PM - Save Script: Version 12.5.0.3.1012 User oats
9/07/2017 17:19:23 PM - Save Script: Version 12.5.0.3.1012 User oats
9/07/2017 17:21:32 PM - Save Script: Version 12.5.0.3.1012 User oats
9/07/2017 17:22:37 PM - Save Script: Version 12.5.0.3.1012 User oats
9/07/2017 17:23:30 PM - Save Script: Version 12.5.0.3.1012 User oats
9/07/2017 17:24:47 PM - Save Script: Version 12.5.0.3.1012 User oats
9/07/2017 17:25:59 PM - Save Script: Version 12.5.0.3.1012 User oats
9/07/2017 17:26:09 PM - Save Script: Version 12.5.0.3.1012 User oats
9/07/2017 17:26:49 PM - Save Script: Version 12.5.0.3.1012 User oats
9/07/2017 17:27:17 PM - Save Script: Version 12.5.0.3.1012 User oats
9/07/2017 17:28:06 PM - Save Script: Version 12.5.0.3.1012 User oats
9/07/2017 17:28:24 PM - Save Script: Version 12.5.0.3.1012 User oats
9/07/2017 17:29:13 PM - Save Script: Version 12.5.0.3.1012 User oats
9/07/2017 17:30:07 PM - Save Script: Version 12.5.0.3.1012 User oats
9/07/2017 17:43:09 PM - Upgrade Script Results: Successfully upgraded script results.
9/07/2017 17:45:17 PM - Save Script: Version 12.5.0.3.1012 User oats
9/08/2017 09:25:02 AM - Upgrade Script Results: Successfully upgraded script results.
9/08/2017 09:37:50 AM - Upgrade Script Results: Successfully upgraded script results.
9/08/2017 09:49:52 AM - Launch Browser: IE version 8.0.7601.17514
9/08/2017 10:26:16 AM - Save Script: Version 12.5.0.3.1012 User oats
9/08/2017 10:30:01 AM - Launch Browser: IE version 8.0.7601.17514
9/08/2017 10:32:43 AM - Save Script: Version 12.5.0.3.1012 User oats
9/08/2017 10:33:10 AM - Save Script: Version 12.5.0.3.1012 User oats
9/08/2017 10:46:40 AM - Save Script: Version 12.5.0.3.1012 User oats
9/08/2017 10:48:30 AM - Save Script: Version 12.5.0.3.1012 User oats
9/08/2017 10:48:56 AM - Save Script: Version 12.5.0.3.1012 User oats
9/08/2017 10:49:15 AM - Save Script: Version 12.5.0.3.1012 User oats
9/08/2017 10:52:36 AM - Save Script: Version 12.5.0.3.1012 User oats
9/08/2017 10:52:59 AM - Save Script: Version 12.5.0.3.1012 User oats
9/08/2017 10:58:10 AM - Save Script: Version 12.5.0.3.1012 User oats
9/08/2017 11:08:50 AM - Save Script: Version 12.5.0.3.1012 User oats
9/08/2017 11:12:38 AM - Save Script: Version 12.5.0.3.1012 User oats
9/08/2017 11:26:10 AM - Save Script: Version 12.5.0.3.1012 User oats
9/08/2017 11:26:44 AM - Save Script: Version 12.5.0.3.1012 User oats
9/08/2017 11:30:12 AM - Upgrade Script Results: Successfully upgraded script results.
9/08/2017 15:15:24 PM - Upgrade Script Results: Successfully upgraded script results.
9/25/2017 09:41:45 AM - Save Script: Version 12.5.0.3.1012 User oats
9/25/2017 09:43:26 AM - Save Script: Version 12.5.0.3.1012 User oats
9/25/2017 09:44:06 AM - Save Script: Version 12.5.0.3.1012 User oats
9/25/2017 14:53:54 PM - Upgrade Script Results: Successfully upgraded script results.