10/19/2017 14:05:45 PM - Launch Browser: IE version 9.10.9200.17609
10/19/2017 14:17:45 PM - Save Script: Version 12.5.0.3.1012 User oats
10/19/2017 16:30:39 PM - Save Script: Version 12.5.0.3.1012 User oats
10/19/2017 16:30:57 PM - Save Script: Version 12.5.0.3.1012 User oats
10/19/2017 16:32:05 PM - Save Script: Version 12.5.0.3.1012 User oats
10/19/2017 16:33:38 PM - Save Script: Version 12.5.0.3.1012 User oats
10/19/2017 16:36:10 PM - Save Script: Version 12.5.0.3.1012 User oats
10/19/2017 17:22:39 PM - Save Script: Version 12.5.0.3.1012 User oats
10/19/2017 17:39:03 PM - Save Script: Version 12.5.0.3.1012 User oats
10/19/2017 18:12:29 PM - Save Script: Version 12.5.0.3.1012 User oats
10/19/2017 18:13:26 PM - Save Script: Version 12.5.0.3.1012 User oats
10/19/2017 18:17:42 PM - Save Script: Version 12.5.0.3.1012 User oats
10/19/2017 18:19:38 PM - Save Script: Version 12.5.0.3.1012 User oats
10/19/2017 18:20:03 PM - Save Script: Version 12.5.0.3.1012 User oats
10/19/2017 18:28:09 PM - Save Script: Version 12.5.0.3.1012 User oats
10/20/2017 09:38:47 AM - Upgrade Script Results: Successfully upgraded script results.
10/20/2017 12:33:07 PM - Save Script: Version 12.5.0.3.1012 User oats
10/20/2017 12:33:49 PM - Save Script: Version 12.5.0.3.1012 User oats
10/20/2017 12:34:27 PM - Save Script: Version 12.5.0.3.1012 User oats
10/20/2017 12:36:13 PM - Save Script: Version 12.5.0.3.1012 User oats
10/20/2017 12:36:51 PM - Save Script: Version 12.5.0.3.1012 User oats
10/20/2017 12:37:56 PM - Save Script: Version 12.5.0.3.1012 User oats
10/20/2017 12:38:21 PM - Save Script: Version 12.5.0.3.1012 User oats
10/20/2017 12:54:09 PM - Save Script: Version 12.5.0.3.1012 User oats
10/20/2017 13:25:33 PM - Save Script: Version 12.5.0.3.1012 User oats
10/20/2017 16:08:55 PM - Save Script: Version 12.5.0.3.1012 User oats
10/20/2017 16:09:53 PM - Save Script: Version 12.5.0.3.1012 User oats
10/20/2017 16:13:19 PM - Save Script: Version 12.5.0.3.1012 User oats
10/20/2017 16:13:50 PM - Save Script: Version 12.5.0.3.1012 User oats
10/20/2017 16:15:23 PM - Save Script: Version 12.5.0.3.1012 User oats
10/20/2017 16:16:09 PM - Save Script: Version 12.5.0.3.1012 User oats
10/20/2017 16:18:32 PM - Save Script: Version 12.5.0.3.1012 User oats
10/20/2017 16:21:21 PM - Save Script: Version 12.5.0.3.1012 User oats
10/20/2017 19:26:06 PM - Launch Browser: IE version 9.10.9200.17609
10/20/2017 19:30:57 PM - Save Script: Version 12.5.0.3.1012 User oats
10/20/2017 19:32:48 PM - Save Script: Version 12.5.0.3.1012 User oats
10/20/2017 19:34:05 PM - Save Script: Version 12.5.0.3.1012 User oats
10/20/2017 19:43:10 PM - Save Script: Version 12.5.0.3.1012 User oats
10/20/2017 19:56:17 PM - Upgrade Script Results: Successfully upgraded script results.
10/20/2017 20:03:03 PM - Save Script: Version 12.5.0.3.1012 User oats
10/23/2017 10:13:58 AM - Upgrade Script Results: Successfully upgraded script results.
10/25/2017 10:09:33 AM - Save Script: Version 12.5.0.3.1012 User oats
10/25/2017 10:10:45 AM - Launch Browser: IE version 9.10.9200.17609
10/25/2017 10:11:50 AM - Save Script: Version 12.5.0.3.1012 User oats
10/25/2017 10:11:58 AM - Save Script: Version 12.5.0.3.1012 User oats
10/25/2017 10:16:49 AM - Save Script: Version 12.5.0.3.1012 User oats