8/28/2017 16:34:59 PM - Launch Browser: IE version 8.0.7601.17514
8/28/2017 17:13:53 PM - Save Script: Version 12.5.0.3.1012 User oats
8/29/2017 09:02:03 AM - Save Script: Version 12.5.0.3.1012 User oats
8/29/2017 09:03:25 AM - Save Script: Version 12.5.0.3.1012 User oats
8/29/2017 09:03:42 AM - Save Script: Version 12.5.0.3.1012 User oats
8/29/2017 09:04:48 AM - Save Script: Version 12.5.0.3.1012 User oats
8/29/2017 09:05:32 AM - Save Script: Version 12.5.0.3.1012 User oats
8/29/2017 09:06:27 AM - Save Script: Version 12.5.0.3.1012 User oats
8/29/2017 09:06:37 AM - Save Script: Version 12.5.0.3.1012 User oats
8/29/2017 09:07:57 AM - Save Script: Version 12.5.0.3.1012 User oats
8/29/2017 09:08:49 AM - Save Script: Version 12.5.0.3.1012 User oats
8/29/2017 10:04:31 AM - Save Script: Version 12.5.0.3.1012 User oats
8/29/2017 10:55:50 AM - Save Script: Version 12.5.0.3.1012 User oats
8/29/2017 10:57:34 AM - Save Script: Version 12.5.0.3.1012 User oats
8/29/2017 10:58:29 AM - Save Script: Version 12.5.0.3.1012 User oats
8/29/2017 11:28:36 AM - Save Script: Version 12.5.0.3.1012 User oats
8/30/2017 11:38:27 AM - Save Script: Version 12.5.0.3.1012 User oats
8/30/2017 11:44:58 AM - Save Script: Version 12.5.0.3.1012 User oats
8/30/2017 12:31:48 PM - Upgrade Script Results: Successfully upgraded script results.
8/30/2017 12:40:51 PM - Upgrade Script Results: Successfully upgraded script results.
8/30/2017 13:01:54 PM - Upgrade Script Results: Successfully upgraded script results.
8/30/2017 13:18:11 PM - Save Script: Version 12.5.0.3.1012 User oats
8/30/2017 16:41:21 PM - Upgrade Script Results: Successfully upgraded script results.
8/30/2017 16:45:50 PM - Save Script: Version 12.5.0.3.1012 User oats
8/30/2017 16:48:12 PM - Save Script: Version 12.5.0.3.1012 User oats
8/30/2017 16:50:10 PM - Save Script: Version 12.5.0.3.1012 User oats
8/30/2017 16:51:19 PM - Save Script: Version 12.5.0.3.1012 User oats
8/30/2017 16:51:42 PM - Save Script: Version 12.5.0.3.1012 User oats
8/30/2017 16:54:59 PM - Save Script: Version 12.5.0.3.1012 User oats
8/30/2017 16:55:08 PM - Save Script: Version 12.5.0.3.1012 User oats
8/30/2017 16:56:16 PM - Save Script: Version 12.5.0.3.1012 User oats
8/30/2017 17:06:39 PM - Save Script: Version 12.5.0.3.1012 User oats
8/30/2017 17:08:59 PM - Save Script: Version 12.5.0.3.1012 User oats
8/30/2017 17:09:35 PM - Save Script: Version 12.5.0.3.1012 User oats
8/30/2017 17:09:48 PM - Save Script: Version 12.5.0.3.1012 User oats
8/30/2017 17:10:28 PM - Save Script: Version 12.5.0.3.1012 User oats
8/30/2017 17:12:49 PM - Save Script: Version 12.5.0.3.1012 User oats
8/30/2017 17:16:28 PM - Save Script: Version 12.5.0.3.1012 User oats
8/30/2017 17:18:07 PM - Save Script: Version 12.5.0.3.1012 User oats
8/30/2017 17:20:13 PM - Save Script: Version 12.5.0.3.1012 User oats
8/30/2017 17:23:17 PM - Save Script: Version 12.5.0.3.1012 User oats
8/30/2017 17:24:09 PM - Save Script: Version 12.5.0.3.1012 User oats
8/30/2017 17:30:46 PM - Save Script: Version 12.5.0.3.1012 User oats
8/30/2017 17:30:58 PM - Save Script: Version 12.5.0.3.1012 User oats
8/30/2017 17:37:00 PM - Save Script: Version 12.5.0.3.1012 User oats
8/31/2017 09:50:37 AM - Upgrade Script Results: Successfully upgraded script results.
8/31/2017 10:03:04 AM - Save Script: Version 12.5.0.3.1012 User oats
8/31/2017 10:05:46 AM - Save Script: Version 12.5.0.3.1012 User oats
8/31/2017 10:22:45 AM - Save Script: Version 12.5.0.3.1012 User oats
8/31/2017 10:23:56 AM - Save Script: Version 12.5.0.3.1012 User oats
8/31/2017 10:24:11 AM - Save Script: Version 12.5.0.3.1012 User oats
8/31/2017 10:43:23 AM - Save Script: Version 12.5.0.3.1012 User oats
8/31/2017 10:43:49 AM - Save Script: Version 12.5.0.3.1012 User oats
8/31/2017 11:00:06 AM - Save Script: Version 12.5.0.3.1012 User oats
8/31/2017 11:01:56 AM - Save Script: Version 12.5.0.3.1012 User oats
8/31/2017 11:05:58 AM - Save Script: Version 12.5.0.3.1012 User oats
8/31/2017 11:06:52 AM - Save Script: Version 12.5.0.3.1012 User oats
8/31/2017 11:35:43 AM - Save Script: Version 12.5.0.3.1012 User oats
8/31/2017 11:38:55 AM - Save Script: Version 12.5.0.3.1012 User oats
8/31/2017 11:39:43 AM - Save Script: Version 12.5.0.3.1012 User oats
8/31/2017 11:46:05 AM - Save Script: Version 12.5.0.3.1012 User oats
8/31/2017 11:49:30 AM - Save Script: Version 12.5.0.3.1012 User oats
8/31/2017 11:52:05 AM - Save Script: Version 12.5.0.3.1012 User oats
8/31/2017 11:53:13 AM - Save Script: Version 12.5.0.3.1012 User oats
8/31/2017 11:53:27 AM - Save Script: Version 12.5.0.3.1012 User oats
8/31/2017 12:04:51 PM - Save Script: Version 12.5.0.3.1012 User oats
8/31/2017 12:07:50 PM - Save Script: Version 12.5.0.3.1012 User oats
8/31/2017 12:10:41 PM - Save Script: Version 12.5.0.3.1012 User oats
8/31/2017 12:11:11 PM - Save Script: Version 12.5.0.3.1012 User oats
8/31/2017 12:13:20 PM - Save Script: Version 12.5.0.3.1012 User oats
8/31/2017 12:14:32 PM - Save Script: Version 12.5.0.3.1012 User oats
8/31/2017 12:29:47 PM - Save Script: Version 12.5.0.3.1012 User oats
8/31/2017 12:35:33 PM - Save Script: Version 12.5.0.3.1012 User oats
8/31/2017 12:43:32 PM - Save Script: Version 12.5.0.3.1012 User oats
8/31/2017 12:46:18 PM - Save Script: Version 12.5.0.3.1012 User oats
8/31/2017 12:48:10 PM - Save Script: Version 12.5.0.3.1012 User oats
8/31/2017 13:57:31 PM - Save Script: Version 12.5.0.3.1012 User oats
8/31/2017 13:58:08 PM - Save Script: Version 12.5.0.3.1012 User oats
8/31/2017 14:03:34 PM - Save Script: Version 12.5.0.3.1012 User oats
8/31/2017 14:38:53 PM - Save Script: Version 12.5.0.3.1012 User oats
8/31/2017 14:39:03 PM - Save Script: Version 12.5.0.3.1012 User oats
8/31/2017 14:43:40 PM - Save Script: Version 12.5.0.3.1012 User oats
8/31/2017 15:28:30 PM - Save Script: Version 12.5.0.3.1012 User oats
8/31/2017 16:08:34 PM - Save Script: Version 12.5.0.3.1012 User oats
8/31/2017 16:16:23 PM - Save Script: Version 12.5.0.3.1012 User oats
8/31/2017 16:42:19 PM - Save Script: Version 12.5.0.3.1012 User oats
8/31/2017 16:43:36 PM - Save Script: Version 12.5.0.3.1012 User oats
8/31/2017 16:52:28 PM - Save Script: Version 12.5.0.3.1012 User oats
8/31/2017 16:58:12 PM - Save Script: Version 12.5.0.3.1012 User oats
8/31/2017 17:04:55 PM - Save Script: Version 12.5.0.3.1012 User oats
8/31/2017 17:05:18 PM - Save Script: Version 12.5.0.3.1012 User oats
8/31/2017 17:05:48 PM - Save Script: Version 12.5.0.3.1012 User oats
8/31/2017 17:19:50 PM - Save Script: Version 12.5.0.3.1012 User oats
8/31/2017 17:22:40 PM - Save Script: Version 12.5.0.3.1012 User oats
8/31/2017 17:26:18 PM - Save Script: Version 12.5.0.3.1012 User oats
8/31/2017 17:26:22 PM - Save Script: Version 12.5.0.3.1012 User oats
8/31/2017 18:08:23 PM - Save Script: Version 12.5.0.3.1012 User oats
8/31/2017 18:09:48 PM - Save Script: Version 12.5.0.3.1012 User oats
8/31/2017 18:18:34 PM - Save Script: Version 12.5.0.3.1012 User oats
8/31/2017 18:19:38 PM - Save Script: Version 12.5.0.3.1012 User oats
8/31/2017 18:20:00 PM - Save Script: Version 12.5.0.3.1012 User oats
8/31/2017 18:20:36 PM - Save Script: Version 12.5.0.3.1012 User oats
9/01/2017 09:22:16 AM - Upgrade Script Results: Successfully upgraded script results.
9/01/2017 09:24:39 AM - Save Script: Version 12.5.0.3.1012 User oats
9/01/2017 09:25:47 AM - Save Script: Version 12.5.0.3.1012 User oats
9/01/2017 09:32:08 AM - Save Script: Version 12.5.0.3.1012 User oats
9/01/2017 09:34:05 AM - Save Script: Version 12.5.0.3.1012 User oats
9/01/2017 09:46:28 AM - Save Script: Version 12.5.0.3.1012 User oats
9/01/2017 09:47:59 AM - Save Script: Version 12.5.0.3.1012 User oats
9/01/2017 09:48:42 AM - Save Script: Version 12.5.0.3.1012 User oats
9/01/2017 10:00:19 AM - Save Script: Version 12.5.0.3.1012 User oats
9/01/2017 10:01:09 AM - Save Script: Version 12.5.0.3.1012 User oats
9/01/2017 10:05:19 AM - Save Script: Version 12.5.0.3.1012 User oats
9/01/2017 10:19:09 AM - Save Script: Version 12.5.0.3.1012 User oats
9/01/2017 10:20:56 AM - Save Script: Version 12.5.0.3.1012 User oats
9/01/2017 10:23:14 AM - Save Script: Version 12.5.0.3.1012 User oats
9/01/2017 10:26:13 AM - Save Script: Version 12.5.0.3.1012 User oats
9/01/2017 10:29:30 AM - Save Script: Version 12.5.0.3.1012 User oats
9/01/2017 10:53:11 AM - Launch Browser: IE version 8.0.7601.17514
9/01/2017 11:00:01 AM - Save Script: Version 12.5.0.3.1012 User oats
9/01/2017 11:02:43 AM - Save Script: Version 12.5.0.3.1012 User oats
9/01/2017 11:04:16 AM - Save Script: Version 12.5.0.3.1012 User oats
9/01/2017 11:26:11 AM - Save Script: Version 12.5.0.3.1012 User oats
9/01/2017 11:26:25 AM - Save Script: Version 12.5.0.3.1012 User oats
9/01/2017 11:27:14 AM - Save Script: Version 12.5.0.3.1012 User oats
9/01/2017 11:33:20 AM - Save Script: Version 12.5.0.3.1012 User oats
9/01/2017 11:36:20 AM - Save Script: Version 12.5.0.3.1012 User oats
9/01/2017 11:37:43 AM - Save Script: Version 12.5.0.3.1012 User oats
9/01/2017 11:51:13 AM - Save Script: Version 12.5.0.3.1012 User oats
9/01/2017 11:51:47 AM - Save Script: Version 12.5.0.3.1012 User oats
9/01/2017 12:10:33 PM - Save Script: Version 12.5.0.3.1012 User oats
9/01/2017 12:22:47 PM - Save Script: Version 12.5.0.3.1012 User oats
9/01/2017 12:31:58 PM - Save Script: Version 12.5.0.3.1012 User oats
9/01/2017 12:47:47 PM - Save Script: Version 12.5.0.3.1012 User oats
9/01/2017 12:48:32 PM - Save Script: Version 12.5.0.3.1012 User oats
9/01/2017 12:58:51 PM - Save Script: Version 12.5.0.3.1012 User oats
9/01/2017 13:00:37 PM - Save Script: Version 12.5.0.3.1012 User oats
9/01/2017 13:22:19 PM - Save Script: Version 12.5.0.3.1012 User oats
9/01/2017 13:31:13 PM - Save Script: Version 12.5.0.3.1012 User oats
9/01/2017 13:31:23 PM - Save Script: Version 12.5.0.3.1012 User oats
9/01/2017 14:04:01 PM - Save Script: Version 12.5.0.3.1012 User oats
9/01/2017 14:32:20 PM - Save Script: Version 12.5.0.3.1012 User oats
9/01/2017 14:37:47 PM - Save Script: Version 12.5.0.3.1012 User oats
9/01/2017 14:51:00 PM - Save Script: Version 12.5.0.3.1012 User oats
9/01/2017 14:52:29 PM - Launch Browser: IE version 8.0.7601.17514
9/01/2017 14:55:07 PM - Save Script: Version 12.5.0.3.1012 User oats
9/01/2017 14:57:10 PM - Save Script: Version 12.5.0.3.1012 User oats
9/01/2017 15:03:50 PM - Save Script: Version 12.5.0.3.1012 User oats
9/01/2017 15:06:19 PM - Save Script: Version 12.5.0.3.1012 User oats
9/01/2017 15:08:27 PM - Save Script: Version 12.5.0.3.1012 User oats
9/01/2017 15:11:12 PM - Save Script: Version 12.5.0.3.1012 User oats
9/01/2017 15:11:47 PM - Save Script: Version 12.5.0.3.1012 User oats
9/01/2017 15:24:25 PM - Save Script: Version 12.5.0.3.1012 User oats
9/01/2017 15:25:06 PM - Save Script: Version 12.5.0.3.1012 User oats
9/01/2017 15:26:03 PM - Save Script: Version 12.5.0.3.1012 User oats
9/01/2017 15:28:26 PM - Save Script: Version 12.5.0.3.1012 User oats
9/01/2017 15:33:32 PM - Upgrade Script Results: Successfully upgraded script results.
9/01/2017 15:38:48 PM - Save Script: Version 12.5.0.3.1012 User oats
9/01/2017 16:04:01 PM - Save Script: Version 12.5.0.3.1012 User oats
9/01/2017 16:06:22 PM - Upgrade Script Results: Successfully upgraded script results.
9/01/2017 16:15:28 PM - Save Script: Version 12.5.0.3.1012 User oats
9/01/2017 16:16:02 PM - Save Script: Version 12.5.0.3.1012 User oats
9/01/2017 16:16:31 PM - Save Script: Version 12.5.0.3.1012 User oats
9/01/2017 16:17:01 PM - Save Script: Version 12.5.0.3.1012 User oats
9/01/2017 16:18:10 PM - Save Script: Version 12.5.0.3.1012 User oats
9/01/2017 16:20:05 PM - Save Script: Version 12.5.0.3.1012 User oats
9/01/2017 16:32:21 PM - Save Script: Version 12.5.0.3.1012 User oats
9/01/2017 16:32:39 PM - Save Script: Version 12.5.0.3.1012 User oats
9/01/2017 16:32:46 PM - Save Script: Version 12.5.0.3.1012 User oats
9/01/2017 16:35:27 PM - Save Script: Version 12.5.0.3.1012 User oats
9/01/2017 16:36:06 PM - Save Script: Version 12.5.0.3.1012 User oats
9/01/2017 16:36:25 PM - Save Script: Version 12.5.0.3.1012 User oats
9/01/2017 16:36:46 PM - Save Script: Version 12.5.0.3.1012 User oats
9/01/2017 16:37:12 PM - Save Script: Version 12.5.0.3.1012 User oats
9/01/2017 16:38:18 PM - Save Script: Version 12.5.0.3.1012 User oats
9/01/2017 16:41:16 PM - Save Script: Version 12.5.0.3.1012 User oats
9/01/2017 16:43:33 PM - Save Script: Version 12.5.0.3.1012 User oats
9/01/2017 16:43:54 PM - Save Script: Version 12.5.0.3.1012 User oats
9/01/2017 16:57:07 PM - Save Script: Version 12.5.0.3.1012 User oats
9/01/2017 16:57:57 PM - Save Script: Version 12.5.0.3.1012 User oats
9/01/2017 17:06:52 PM - Save Script: Version 12.5.0.3.1012 User oats
9/01/2017 17:07:19 PM - Save Script: Version 12.5.0.3.1012 User oats
9/01/2017 17:08:46 PM - Save Script: Version 12.5.0.3.1012 User oats
9/01/2017 17:51:32 PM - Upgrade Script Results: Successfully upgraded script results.
9/05/2017 08:58:58 AM - Upgrade Script Results: Successfully upgraded script results.
9/05/2017 08:59:27 AM - Save Script: Version 12.5.0.3.1012 User oats
9/05/2017 09:54:55 AM - Launch Browser: IE version 8.0.7601.17514
9/05/2017 10:04:26 AM - Save Script: Version 12.5.0.3.1012 User oats
9/05/2017 10:07:23 AM - Save Script: Version 12.5.0.3.1012 User oats
9/05/2017 10:07:36 AM - Save Script: Version 12.5.0.3.1012 User oats
9/05/2017 10:11:58 AM - Save Script: Version 12.5.0.3.1012 User oats
9/05/2017 10:12:55 AM - Save Script: Version 12.5.0.3.1012 User oats
9/05/2017 10:22:29 AM - Save Script: Version 12.5.0.3.1012 User oats
9/05/2017 10:23:17 AM - Save Script: Version 12.5.0.3.1012 User oats
9/05/2017 10:28:44 AM - Save Script: Version 12.5.0.3.1012 User oats
9/05/2017 10:29:14 AM - Save Script: Version 12.5.0.3.1012 User oats
9/05/2017 10:29:24 AM - Save Script: Version 12.5.0.3.1012 User oats
9/05/2017 10:30:24 AM - Save Script: Version 12.5.0.3.1012 User oats
9/05/2017 10:36:10 AM - Save Script: Version 12.5.0.3.1012 User oats
9/05/2017 10:39:46 AM - Save Script: Version 12.5.0.3.1012 User oats
9/05/2017 10:43:53 AM - Save Script: Version 12.5.0.3.1012 User oats
9/05/2017 10:44:24 AM - Save Script: Version 12.5.0.3.1012 User oats
9/05/2017 10:45:17 AM - Save Script: Version 12.5.0.3.1012 User oats
9/05/2017 10:56:59 AM - Save Script: Version 12.5.0.3.1012 User oats
9/05/2017 11:02:03 AM - Save Script: Version 12.5.0.3.1012 User oats
9/05/2017 11:02:51 AM - Save Script: Version 12.5.0.3.1012 User oats
9/05/2017 11:03:15 AM - Save Script: Version 12.5.0.3.1012 User oats
9/05/2017 11:06:33 AM - Save Script: Version 12.5.0.3.1012 User oats
9/05/2017 11:50:24 AM - Save Script: Version 12.5.0.3.1012 User oats
9/05/2017 11:51:37 AM - Save Script: Version 12.5.0.3.1012 User oats
9/05/2017 11:53:28 AM - Save Script: Version 12.5.0.3.1012 User oats
9/05/2017 12:13:51 PM - Save Script: Version 12.5.0.3.1012 User oats
9/05/2017 13:00:14 PM - Save Script: Version 12.5.0.3.1012 User oats
9/05/2017 13:10:08 PM - Save Script: Version 12.5.0.3.1012 User oats
9/05/2017 13:12:18 PM - Save Script: Version 12.5.0.3.1012 User oats
9/05/2017 13:13:27 PM - Save Script: Version 12.5.0.3.1012 User oats
9/05/2017 13:13:42 PM - Save Script: Version 12.5.0.3.1012 User oats
9/05/2017 13:16:01 PM - Save Script: Version 12.5.0.3.1012 User oats
9/05/2017 13:16:15 PM - Save Script: Version 12.5.0.3.1012 User oats
9/05/2017 13:16:24 PM - Save Script: Version 12.5.0.3.1012 User oats
9/05/2017 13:35:44 PM - Save Script: Version 12.5.0.3.1012 User oats
9/05/2017 13:36:06 PM - Save Script: Version 12.5.0.3.1012 User oats
9/05/2017 13:37:32 PM - Save Script: Version 12.5.0.3.1012 User oats
9/06/2017 09:17:57 AM - Upgrade Script Results: Successfully upgraded script results.
9/06/2017 09:21:25 AM - Save Script: Version 12.5.0.3.1012 User oats
9/06/2017 10:46:17 AM - Upgrade Script Results: Successfully upgraded script results.
9/06/2017 12:50:38 PM - Upgrade Script Results: Successfully upgraded script results.
9/06/2017 13:29:19 PM - Launch Browser: IE version 8.0.7601.17514
9/06/2017 13:33:32 PM - Save Script: Version 12.5.0.3.1012 User oats
9/06/2017 14:22:49 PM - Launch Browser: IE version 8.0.7601.17514
9/06/2017 14:27:20 PM - Save Script: Version 12.5.0.3.1012 User oats
9/06/2017 14:28:57 PM - Save Script: Version 12.5.0.3.1012 User oats
9/06/2017 14:30:00 PM - Save Script: Version 12.5.0.3.1012 User oats
9/06/2017 14:30:11 PM - Save Script: Version 12.5.0.3.1012 User oats
9/06/2017 14:30:25 PM - Save Script: Version 12.5.0.3.1012 User oats
9/06/2017 14:31:40 PM - Save Script: Version 12.5.0.3.1012 User oats
9/06/2017 14:35:09 PM - Save Script: Version 12.5.0.3.1012 User oats
9/06/2017 14:35:34 PM - Save Script: Version 12.5.0.3.1012 User oats
9/06/2017 14:35:57 PM - Save Script: Version 12.5.0.3.1012 User oats
9/06/2017 15:00:38 PM - Save Script: Version 12.5.0.3.1012 User oats
9/06/2017 15:22:16 PM - Save Script: Version 12.5.0.3.1012 User oats
9/06/2017 15:31:25 PM - Save Script: Version 12.5.0.3.1012 User oats
9/06/2017 15:33:51 PM - Save Script: Version 12.5.0.3.1012 User oats
9/06/2017 15:38:46 PM - Launch Browser: IE version 8.0.7601.17514
9/06/2017 15:43:28 PM - Save Script: Version 12.5.0.3.1012 User oats
9/06/2017 15:48:35 PM - Save Script: Version 12.5.0.3.1012 User oats
9/06/2017 15:48:49 PM - Save Script: Version 12.5.0.3.1012 User oats
9/06/2017 15:49:55 PM - Save Script: Version 12.5.0.3.1012 User oats
9/06/2017 15:54:15 PM - Save Script: Version 12.5.0.3.1012 User oats
9/06/2017 15:54:30 PM - Save Script: Version 12.5.0.3.1012 User oats
9/06/2017 15:55:04 PM - Save Script: Version 12.5.0.3.1012 User oats
9/06/2017 16:01:07 PM - Save Script: Version 12.5.0.3.1012 User oats
9/06/2017 16:05:48 PM - Save Script: Version 12.5.0.3.1012 User oats
9/06/2017 16:10:53 PM - Save Script: Version 12.5.0.3.1012 User oats
9/06/2017 16:20:22 PM - Save Script: Version 12.5.0.3.1012 User oats
9/06/2017 16:20:30 PM - Save Script: Version 12.5.0.3.1012 User oats
9/06/2017 16:40:02 PM - Save Script: Version 12.5.0.3.1012 User oats
9/06/2017 16:41:51 PM - Save Script: Version 12.5.0.3.1012 User oats
9/06/2017 16:42:07 PM - Save Script: Version 12.5.0.3.1012 User oats
9/06/2017 16:42:27 PM - Save Script: Version 12.5.0.3.1012 User oats
9/06/2017 16:42:38 PM - Save Script: Version 12.5.0.3.1012 User oats
9/06/2017 16:42:58 PM - Save Script: Version 12.5.0.3.1012 User oats
9/06/2017 16:57:22 PM - Save Script: Version 12.5.0.3.1012 User oats
9/06/2017 16:57:31 PM - Save Script: Version 12.5.0.3.1012 User oats
9/06/2017 17:07:36 PM - Save Script: Version 12.5.0.3.1012 User oats
9/06/2017 17:08:17 PM - Save Script: Version 12.5.0.3.1012 User oats
9/06/2017 17:12:04 PM - Save Script: Version 12.5.0.3.1012 User oats
9/06/2017 17:12:22 PM - Save Script: Version 12.5.0.3.1012 User oats
9/06/2017 17:22:05 PM - Save Script: Version 12.5.0.3.1012 User oats
9/06/2017 17:22:25 PM - Save Script: Version 12.5.0.3.1012 User oats
9/06/2017 17:28:30 PM - Save Script: Version 12.5.0.3.1012 User oats
9/06/2017 17:39:06 PM - Save Script: Version 12.5.0.3.1012 User oats
9/06/2017 18:04:51 PM - Upgrade Script Results: Successfully upgraded script results.
9/06/2017 18:05:56 PM - Save Script: Version 12.5.0.3.1012 User oats
9/06/2017 18:11:36 PM - Save Script: Version 12.5.0.3.1012 User oats
9/07/2017 09:23:56 AM - Upgrade Script Results: Successfully upgraded script results.
9/07/2017 11:57:21 AM - Save Script: Version 12.5.0.3.1012 User oats