8/25/2017 11:31:48 AM - Save Script: Version 12.5.0.3.1012 User oats
8/25/2017 11:39:19 AM - Save Script: Version 12.5.0.3.1012 User oats
8/25/2017 11:54:09 AM - Launch Browser: IE version 9.11.9600.17843
8/25/2017 12:00:14 PM - Save Script: Version 12.5.0.3.1012 User oats
8/25/2017 12:34:14 PM - Save Script: Version 12.5.0.3.1012 User oats
8/25/2017 14:42:22 PM - Save Script: Version 12.5.0.3.1012 User oats
8/28/2017 09:27:19 AM - Save Script: Version 12.5.0.3.1012 User oats
8/28/2017 09:29:15 AM - Save Script: Version 12.5.0.3.1012 User oats
8/28/2017 09:34:49 AM - Save Script: Version 12.5.0.3.1012 User oats
8/28/2017 09:41:21 AM - Save Script: Version 12.5.0.3.1012 User oats
8/28/2017 09:43:26 AM - Save Script: Version 12.5.0.3.1012 User oats
8/28/2017 09:43:34 AM - Save Script: Version 12.5.0.3.1012 User oats
8/28/2017 09:45:19 AM - Save Script: Version 12.5.0.3.1012 User oats
8/28/2017 09:51:32 AM - Save Script: Version 12.5.0.3.1012 User oats
8/28/2017 09:57:07 AM - Save Script: Version 12.5.0.3.1012 User oats
8/28/2017 10:28:57 AM - Save Script: Version 12.5.0.3.1012 User oats
8/28/2017 10:33:31 AM - Save Script: Version 12.5.0.3.1012 User oats
8/28/2017 10:35:14 AM - Save Script: Version 12.5.0.3.1012 User oats
8/28/2017 11:46:04 AM - Save Script: Version 12.5.0.3.1012 User oats
8/28/2017 11:46:40 AM - Save Script: Version 12.5.0.3.1012 User oats
8/28/2017 11:49:28 AM - Save Script: Version 12.5.0.3.1012 User oats
8/28/2017 11:50:35 AM - Save Script: Version 12.5.0.3.1012 User oats
8/28/2017 11:51:54 AM - Save Script: Version 12.5.0.3.1012 User oats
8/28/2017 11:52:14 AM - Save Script: Version 12.5.0.3.1012 User oats
8/28/2017 11:53:34 AM - Save Script: Version 12.5.0.3.1012 User oats
8/28/2017 15:41:17 PM - Save Script: Version 12.5.0.3.1012 User oats
8/29/2017 10:01:21 AM - Upgrade Script Results: Successfully upgraded script results.
8/29/2017 10:44:55 AM - Upgrade Script Results: Successfully upgraded script results.
8/30/2017 12:31:53 PM - Upgrade Script Results: Successfully upgraded script results.
8/30/2017 12:40:55 PM - Upgrade Script Results: Successfully upgraded script results.
8/30/2017 12:49:41 PM - Upgrade Script Results: Successfully upgraded script results.
8/30/2017 13:01:58 PM - Upgrade Script Results: Successfully upgraded script results.
8/30/2017 13:06:51 PM - Upgrade Script Results: Successfully upgraded script results.
8/30/2017 16:36:48 PM - Upgrade Script Results: Successfully upgraded script results.
8/30/2017 16:41:25 PM - Upgrade Script Results: Successfully upgraded script results.