9/07/2017 15:49:24 PM - Save Script: Version 12.5.0.3.1012 User oats
9/07/2017 15:50:03 PM - Save Script: Version 12.5.0.3.1012 User oats
9/07/2017 15:50:20 PM - Launch Browser: IE version 8.0.7601.17514
9/07/2017 16:01:08 PM - Save Script: Version 12.5.0.3.1012 User oats
9/07/2017 16:03:07 PM - Save Script: Version 12.5.0.3.1012 User oats
9/07/2017 16:04:58 PM - Save Script: Version 12.5.0.3.1012 User oats
9/07/2017 16:06:52 PM - Save Script: Version 12.5.0.3.1012 User oats
9/07/2017 16:17:45 PM - Save Script: Version 12.5.0.3.1012 User oats
9/07/2017 16:24:15 PM - Save Script: Version 12.5.0.3.1012 User oats
9/07/2017 16:24:34 PM - Save Script: Version 12.5.0.3.1012 User oats
9/07/2017 16:35:06 PM - Save Script: Version 12.5.0.3.1012 User oats
9/07/2017 16:35:54 PM - Save Script: Version 12.5.0.3.1012 User oats
9/07/2017 16:36:29 PM - Save Script: Version 12.5.0.3.1012 User oats
9/07/2017 16:36:54 PM - Save Script: Version 12.5.0.3.1012 User oats
9/07/2017 17:12:33 PM - Save Script: Version 12.5.0.3.1012 User oats
9/07/2017 17:16:44 PM - Save Script: Version 12.5.0.3.1012 User oats
9/07/2017 17:19:23 PM - Save Script: Version 12.5.0.3.1012 User oats
9/07/2017 17:21:32 PM - Save Script: Version 12.5.0.3.1012 User oats
9/07/2017 17:22:37 PM - Save Script: Version 12.5.0.3.1012 User oats
9/07/2017 17:23:30 PM - Save Script: Version 12.5.0.3.1012 User oats
9/07/2017 17:24:47 PM - Save Script: Version 12.5.0.3.1012 User oats
9/07/2017 17:25:59 PM - Save Script: Version 12.5.0.3.1012 User oats
9/07/2017 17:26:09 PM - Save Script: Version 12.5.0.3.1012 User oats
9/07/2017 17:26:49 PM - Save Script: Version 12.5.0.3.1012 User oats
9/07/2017 17:27:17 PM - Save Script: Version 12.5.0.3.1012 User oats
9/07/2017 17:28:06 PM - Save Script: Version 12.5.0.3.1012 User oats
9/07/2017 17:28:24 PM - Save Script: Version 12.5.0.3.1012 User oats
9/07/2017 17:29:13 PM - Save Script: Version 12.5.0.3.1012 User oats
9/07/2017 17:30:07 PM - Save Script: Version 12.5.0.3.1012 User oats
9/07/2017 17:43:09 PM - Upgrade Script Results: Successfully upgraded script results.
9/07/2017 17:45:17 PM - Save Script: Version 12.5.0.3.1012 User oats
9/08/2017 09:25:02 AM - Upgrade Script Results: Successfully upgraded script results.
9/08/2017 09:37:50 AM - Upgrade Script Results: Successfully upgraded script results.
9/08/2017 09:49:52 AM - Launch Browser: IE version 8.0.7601.17514
9/08/2017 10:26:16 AM - Save Script: Version 12.5.0.3.1012 User oats
9/08/2017 10:30:01 AM - Launch Browser: IE version 8.0.7601.17514
9/08/2017 10:32:43 AM - Save Script: Version 12.5.0.3.1012 User oats
9/08/2017 10:33:10 AM - Save Script: Version 12.5.0.3.1012 User oats
9/08/2017 10:46:40 AM - Save Script: Version 12.5.0.3.1012 User oats
9/08/2017 10:48:30 AM - Save Script: Version 12.5.0.3.1012 User oats
9/08/2017 10:48:56 AM - Save Script: Version 12.5.0.3.1012 User oats
9/08/2017 10:49:15 AM - Save Script: Version 12.5.0.3.1012 User oats
9/08/2017 10:52:36 AM - Save Script: Version 12.5.0.3.1012 User oats
9/08/2017 10:52:59 AM - Save Script: Version 12.5.0.3.1012 User oats
9/08/2017 10:58:10 AM - Save Script: Version 12.5.0.3.1012 User oats
9/08/2017 11:17:36 AM - Save Script: Version 12.5.0.3.1012 User oats
9/08/2017 11:30:16 AM - Upgrade Script Results: Successfully upgraded script results.
9/08/2017 11:59:04 AM - Save Script: Version 12.5.0.3.1012 User oats
9/08/2017 11:59:28 AM - Save Script: Version 12.5.0.3.1012 User oats
9/08/2017 12:27:20 PM - Save Script: Version 12.5.0.3.1012 User oats
9/08/2017 12:32:55 PM - Save Script: Version 12.5.0.3.1012 User oats
9/08/2017 12:36:25 PM - Save Script: Version 12.5.0.3.1012 User oats
9/08/2017 12:37:27 PM - Save Script: Version 12.5.0.3.1012 User oats
9/08/2017 13:35:32 PM - Save Script: Version 12.5.0.3.1012 User oats
9/08/2017 15:15:28 PM - Upgrade Script Results: Successfully upgraded script results.
9/08/2017 15:18:37 PM - Save Script: Version 12.5.0.3.1012 User oats
9/08/2017 15:19:01 PM - Save Script: Version 12.5.0.3.1012 User oats
9/08/2017 15:37:31 PM - Save Script: Version 12.5.0.3.1012 User oats
9/08/2017 15:37:57 PM - Save Script: Version 12.5.0.3.1012 User oats
9/08/2017 15:39:15 PM - Save Script: Version 12.5.0.3.1012 User oats
9/08/2017 16:23:14 PM - Save Script: Version 12.5.0.3.1012 User oats
9/08/2017 16:40:28 PM - Save Script: Version 12.5.0.3.1012 User oats
9/25/2017 08:57:51 AM - Save Script: Version 12.5.0.3.1012 User oats
9/25/2017 15:32:23 PM - Save Script: Version 12.5.0.3.1012 User oats
9/25/2017 16:00:13 PM - Save Script: Version 12.5.0.3.1012 User oats
9/25/2017 16:00:28 PM - Save Script: Version 12.5.0.3.1012 User oats
9/25/2017 16:02:03 PM - Save Script: Version 12.5.0.3.1012 User oats
9/25/2017 16:02:25 PM - Save Script: Version 12.5.0.3.1012 User oats
9/25/2017 16:14:26 PM - Save Script: Version 12.5.0.3.1012 User oats
9/25/2017 16:15:56 PM - Save Script: Version 12.5.0.3.1012 User oats
9/25/2017 16:20:22 PM - Save Script: Version 12.5.0.3.1012 User oats
9/25/2017 16:20:38 PM - Save Script: Version 12.5.0.3.1012 User oats
9/25/2017 16:22:15 PM - Save Script: Version 12.5.0.3.1012 User oats
9/25/2017 16:28:56 PM - Save Script: Version 12.5.0.3.1012 User oats
9/25/2017 16:32:07 PM - Save Script: Version 12.5.0.3.1012 User oats
9/25/2017 16:38:11 PM - Save Script: Version 12.5.0.3.1012 User oats
9/25/2017 16:38:54 PM - Save Script: Version 12.5.0.3.1012 User oats
9/25/2017 16:40:13 PM - Save Script: Version 12.5.0.3.1012 User oats
9/25/2017 16:41:55 PM - Save Script: Version 12.5.0.3.1012 User oats
9/25/2017 16:48:16 PM - Save Script: Version 12.5.0.3.1012 User oats
9/25/2017 16:48:26 PM - Save Script: Version 12.5.0.3.1012 User oats
9/25/2017 16:52:26 PM - Save Script: Version 12.5.0.3.1012 User oats
9/25/2017 16:52:47 PM - Save Script: Version 12.5.0.3.1012 User oats
9/25/2017 17:01:16 PM - Save Script: Version 12.5.0.3.1012 User oats
9/25/2017 17:05:23 PM - Save Script: Version 12.5.0.3.1012 User oats
9/25/2017 17:10:50 PM - Save Script: Version 12.5.0.3.1012 User oats
9/25/2017 17:11:40 PM - Save Script: Version 12.5.0.3.1012 User oats
9/25/2017 17:12:10 PM - Save Script: Version 12.5.0.3.1012 User oats
9/25/2017 17:20:46 PM - Save Script: Version 12.5.0.3.1012 User oats
9/25/2017 17:21:53 PM - Save Script: Version 12.5.0.3.1012 User oats
9/25/2017 17:28:55 PM - Save Script: Version 12.5.0.3.1012 User oats
9/25/2017 17:38:32 PM - Save Script: Version 12.5.0.3.1012 User oats
9/25/2017 17:40:40 PM - Save Script: Version 12.5.0.3.1012 User oats
9/25/2017 17:57:55 PM - Save Script: Version 12.5.0.3.1012 User oats
9/25/2017 18:09:26 PM - Save Script: Version 12.5.0.3.1012 User oats
9/25/2017 18:19:24 PM - Save Script: Version 12.5.0.3.1012 User oats
9/26/2017 09:42:21 AM - Save Script: Version 12.5.0.3.1012 User oats
9/26/2017 10:11:19 AM - Save Script: Version 12.5.0.3.1012 User oats
9/26/2017 10:11:55 AM - Save Script: Version 12.5.0.3.1012 User oats
9/26/2017 10:12:55 AM - Save Script: Version 12.5.0.3.1012 User oats
9/26/2017 10:13:28 AM - Save Script: Version 12.5.0.3.1012 User oats
9/26/2017 10:19:22 AM - Launch Browser: IE version 8.0.7601.17514
9/26/2017 10:20:16 AM - Save Script: Version 12.5.0.3.1012 User oats
9/26/2017 10:30:57 AM - Save Script: Version 12.5.0.3.1012 User oats
9/26/2017 10:49:25 AM - Save Script: Version 12.5.0.3.1012 User oats
10/23/2017 20:03:08 PM - Save Script: Version 12.5.0.3.1012 User oats
10/23/2017 20:04:58 PM - Save Script: Version 12.5.0.3.1012 User oats
10/25/2017 10:55:04 AM - Save Script: Version 12.5.0.3.1012 User oats
10/25/2017 10:57:48 AM - Save Script: Version 12.5.0.3.1012 User oats
10/25/2017 11:05:56 AM - Save Script: Version 12.5.0.3.1012 User oats
10/25/2017 11:06:19 AM - Save Script: Version 12.5.0.3.1012 User oats
10/25/2017 11:07:24 AM - Save Script: Version 12.5.0.3.1012 User oats
10/25/2017 11:08:25 AM - Launch Browser: IE version 9.10.9200.17609
10/25/2017 11:08:51 AM - Save Script: Version 12.5.0.3.1012 User oats
10/25/2017 11:09:25 AM - Launch Browser: IE version 9.10.9200.17609
10/25/2017 11:11:25 AM - Save Script: Version 12.5.0.3.1012 User oats
10/25/2017 11:11:41 AM - Save Script: Version 12.5.0.3.1012 User oats
10/25/2017 11:15:44 AM - Launch Browser: IE version 9.10.9200.17609
10/25/2017 11:30:28 AM - Upgrade Script Results: Successfully upgraded script results.
10/25/2017 11:33:10 AM - Save Script: Version 12.5.0.3.1012 User oats
10/25/2017 11:33:20 AM - Launch Browser: IE version 9.10.9200.17609
10/25/2017 11:37:32 AM - Save Script: Version 12.5.0.3.1012 User oats
10/25/2017 11:39:05 AM - Save Script: Version 12.5.0.3.1012 User oats
10/25/2017 11:42:00 AM - Save Script: Version 12.5.0.3.1012 User oats
10/25/2017 11:58:36 AM - Save Script: Version 12.5.0.3.1012 User oats
10/25/2017 12:10:22 PM - Save Script: Version 12.5.0.3.1012 User oats
10/25/2017 12:12:43 PM - Save Script: Version 12.5.0.3.1012 User oats
10/25/2017 12:13:23 PM - Save Script: Version 12.5.0.3.1012 User oats
10/25/2017 12:14:22 PM - Save Script: Version 12.5.0.3.1012 User oats
10/25/2017 12:15:04 PM - Save Script: Version 12.5.0.3.1012 User oats
10/25/2017 12:15:30 PM - Save Script: Version 12.5.0.3.1012 User oats
10/25/2017 12:16:00 PM - Save Script: Version 12.5.0.3.1012 User oats
10/25/2017 12:16:12 PM - Save Script: Version 12.5.0.3.1012 User oats
10/25/2017 12:19:19 PM - Save Script: Version 12.5.0.3.1012 User oats
10/25/2017 12:24:16 PM - Save Script: Version 12.5.0.3.1012 User oats
10/25/2017 12:25:16 PM - Save Script: Version 12.5.0.3.1012 User oats
10/25/2017 12:26:17 PM - Save Script: Version 12.5.0.3.1012 User oats
10/25/2017 12:26:38 PM - Save Script: Version 12.5.0.3.1012 User oats
10/25/2017 12:32:34 PM - Save Script: Version 12.5.0.3.1012 User oats
10/25/2017 12:33:02 PM - Save Script: Version 12.5.0.3.1012 User oats
10/25/2017 12:33:36 PM - Save Script: Version 12.5.0.3.1012 User oats
10/25/2017 12:38:16 PM - Save Script: Version 12.5.0.3.1012 User oats
10/25/2017 12:39:26 PM - Save Script: Version 12.5.0.3.1012 User oats
10/25/2017 12:40:49 PM - Save Script: Version 12.5.0.3.1012 User oats
10/25/2017 12:48:18 PM - Save Script: Version 12.5.0.3.1012 User oats
10/25/2017 12:48:58 PM - Save Script: Version 12.5.0.3.1012 User oats
10/25/2017 12:50:22 PM - Save Script: Version 12.5.0.3.1012 User oats
10/25/2017 12:52:51 PM - Save Script: Version 12.5.0.3.1012 User oats
10/25/2017 12:53:21 PM - Save Script: Version 12.5.0.3.1012 User oats